{"C:\\Users\\Manas Singh\\Desktop\\Hackthon\\Gen Ai Google\\frontend\\src\\App.jsx": {"path":"C:\\Users\\Manas Singh\\Desktop\\Hackthon\\Gen Ai Google\\frontend\\src\\App.jsx","statementMap":{"0":{"start":{"line":16,"column":34},"end":{"line":16,"column":null}},"1":{"start":{"line":17,"column":42},"end":{"line":17,"column":null}},"2":{"start":{"line":18,"column":38},"end":{"line":18,"column":null}},"3":{"start":{"line":19,"column":32},"end":{"line":19,"column":null}},"4":{"start":{"line":22,"column":8},"end":{"line":28,"column":null}},"5":{"start":{"line":23,"column":4},"end":{"line":27,"column":null}},"6":{"start":{"line":24,"column":19},"end":{"line":24,"column":null}},"7":{"start":{"line":25,"column":6},"end":{"line":25,"column":null}},"8":{"start":{"line":26,"column":6},"end":{"line":26,"column":null}},"9":{"start":{"line":31,"column":8},"end":{"line":37,"column":null}},"10":{"start":{"line":32,"column":4},"end":{"line":36,"column":null}},"11":{"start":{"line":33,"column":19},"end":{"line":33,"column":null}},"12":{"start":{"line":34,"column":6},"end":{"line":34,"column":null}},"13":{"start":{"line":35,"column":6},"end":{"line":35,"column":null}},"14":{"start":{"line":40,"column":8},"end":{"line":43,"column":null}},"15":{"start":{"line":41,"column":4},"end":{"line":41,"column":null}},"16":{"start":{"line":42,"column":4},"end":{"line":42,"column":null}},"17":{"start":{"line":45,"column":2},"end":{"line":74,"column":null}},"18":{"start":{"line":50,"column":23},"end":{"line":50,"column":null}},"19":{"start":{"line":50,"column":48},"end":{"line":50,"column":50}}},"fnMap":{"0":{"name":"App","decl":{"start":{"line":15,"column":24},"end":{"line":15,"column":30}},"loc":{"start":{"line":15,"column":30},"end":{"line":76,"column":null}},"line":15},"1":{"name":"(anonymous_1)","decl":{"start":{"line":22,"column":41},"end":{"line":22,"column":47}},"loc":{"start":{"line":22,"column":47},"end":{"line":28,"column":5}},"line":22},"2":{"name":"(anonymous_2)","decl":{"start":{"line":23,"column":20},"end":{"line":23,"column":21}},"loc":{"start":{"line":23,"column":30},"end":{"line":27,"column":5}},"line":23},"3":{"name":"(anonymous_3)","decl":{"start":{"line":31,"column":38},"end":{"line":31,"column":39}},"loc":{"start":{"line":31,"column":49},"end":{"line":37,"column":5}},"line":31},"4":{"name":"(anonymous_4)","decl":{"start":{"line":32,"column":17},"end":{"line":32,"column":18}},"loc":{"start":{"line":32,"column":27},"end":{"line":36,"column":5}},"line":32},"5":{"name":"(anonymous_5)","decl":{"start":{"line":40,"column":31},"end":{"line":40,"column":32}},"loc":{"start":{"line":40,"column":41},"end":{"line":43,"column":5}},"line":40},"6":{"name":"(anonymous_6)","decl":{"start":{"line":50,"column":17},"end":{"line":50,"column":23}},"loc":{"start":{"line":50,"column":23},"end":{"line":50,"column":null}},"line":50},"7":{"name":"(anonymous_7)","decl":{"start":{"line":50,"column":41},"end":{"line":50,"column":42}},"loc":{"start":{"line":50,"column":48},"end":{"line":50,"column":50}},"line":50}},"branchMap":{"0":{"loc":{"start":{"line":53,"column":9},"end":{"line":53,"column":null}},"type":"cond-expr","locations":[{"start":{"line":53,"column":26},"end":{"line":53,"column":32}},{"start":{"line":53,"column":32},"end":{"line":53,"column":null}}],"line":53},"1":{"loc":{"start":{"line":63,"column":9},"end":{"line":63,"column":null}},"type":"binary-expr","locations":[{"start":{"line":63,"column":9},"end":{"line":63,"column":39}},{"start":{"line":63,"column":39},"end":{"line":63,"column":null}}],"line":63},"2":{"loc":{"start":{"line":64,"column":9},"end":{"line":64,"column":null}},"type":"binary-expr","locations":[{"start":{"line":64,"column":9},"end":{"line":64,"column":36}},{"start":{"line":64,"column":36},"end":{"line":64,"column":null}}],"line":64},"3":{"loc":{"start":{"line":65,"column":9},"end":{"line":65,"column":null}},"type":"binary-expr","locations":[{"start":{"line":65,"column":9},"end":{"line":65,"column":33}},{"start":{"line":65,"column":33},"end":{"line":65,"column":null}}],"line":65}},"s":{"0":5,"1":5,"2":5,"3":5,"4":5,"5":0,"6":0,"7":0,"8":0,"9":5,"10":0,"11":0,"12":0,"13":0,"14":5,"15":2,"16":2,"17":5,"18":0,"19":0},"f":{"0":5,"1":0,"2":0,"3":0,"4":0,"5":2,"6":0,"7":0},"b":{"0":[0,5],"1":[5,3],"2":[5,1],"3":[5,1]},"meta":{"lastBranch":4,"lastFunction":8,"lastStatement":20,"seen":{"f:15:24:15:30":0,"s:16:34:16:Infinity":0,"s:17:42:17:Infinity":1,"s:18:38:18:Infinity":2,"s:19:32:19:Infinity":3,"s:22:8:28:Infinity":4,"f:22:41:22:47":1,"s:23:4:27:Infinity":5,"f:23:20:23:21":2,"s:24:19:24:Infinity":6,"s:25:6:25:Infinity":7,"s:26:6:26:Infinity":8,"s:31:8:37:Infinity":9,"f:31:38:31:39":3,"s:32:4:36:Infinity":10,"f:32:17:32:18":4,"s:33:19:33:Infinity":11,"s:34:6:34:Infinity":12,"s:35:6:35:Infinity":13,"s:40:8:43:Infinity":14,"f:40:31:40:32":5,"s:41:4:41:Infinity":15,"s:42:4:42:Infinity":16,"s:45:2:74:Infinity":17,"f:50:17:50:23":6,"s:50:23:50:Infinity":18,"f:50:41:50:42":7,"s:50:48:50:50":19,"b:53:26:53:32:53:32:53:Infinity":0,"b:63:9:63:39:63:39:63:Infinity":1,"b:64:9:64:36:64:36:64:Infinity":2,"b:65:9:65:33:65:33:65:Infinity":3},"fnNames":{}}}
,"C:\\Users\\Manas Singh\\Desktop\\Hackthon\\Gen Ai Google\\frontend\\src\\components\\AccessibilityToggle.jsx": {"path":"C:\\Users\\Manas Singh\\Desktop\\Hackthon\\Gen Ai Google\\frontend\\src\\components\\AccessibilityToggle.jsx","statementMap":{"0":{"start":{"line":17,"column":26},"end":{"line":17,"column":null}},"1":{"start":{"line":20,"column":27},"end":{"line":33,"column":null}},"2":{"start":{"line":21,"column":4},"end":{"line":21,"column":null}},"3":{"start":{"line":21,"column":40},"end":{"line":21,"column":null}},"4":{"start":{"line":22,"column":4},"end":{"line":22,"column":null}},"5":{"start":{"line":24,"column":20},"end":{"line":24,"column":null}},"6":{"start":{"line":25,"column":17},"end":{"line":27,"column":null}},"7":{"start":{"line":29,"column":22},"end":{"line":29,"column":null}},"8":{"start":{"line":30,"column":4},"end":{"line":30,"column":null}},"9":{"start":{"line":31,"column":4},"end":{"line":31,"column":null}},"10":{"start":{"line":32,"column":4},"end":{"line":32,"column":null}},"11":{"start":{"line":35,"column":2},"end":{"line":97,"column":null}},"12":{"start":{"line":59,"column":31},"end":{"line":59,"column":null}},"13":{"start":{"line":67,"column":31},"end":{"line":67,"column":null}},"14":{"start":{"line":91,"column":23},"end":{"line":91,"column":null}},"15":{"start":{"line":91,"column":40},"end":{"line":91,"column":42}}},"fnMap":{"0":{"name":"AccessibilityToggle","decl":{"start":{"line":11,"column":24},"end":{"line":11,"column":44}},"loc":{"start":{"line":16,"column":3},"end":{"line":99,"column":null}},"line":16},"1":{"name":"(anonymous_1)","decl":{"start":{"line":20,"column":27},"end":{"line":20,"column":33}},"loc":{"start":{"line":20,"column":33},"end":{"line":33,"column":null}},"line":20},"2":{"name":"(anonymous_2)","decl":{"start":{"line":59,"column":25},"end":{"line":59,"column":31}},"loc":{"start":{"line":59,"column":31},"end":{"line":59,"column":null}},"line":59},"3":{"name":"(anonymous_3)","decl":{"start":{"line":67,"column":25},"end":{"line":67,"column":31}},"loc":{"start":{"line":67,"column":31},"end":{"line":67,"column":null}},"line":67},"4":{"name":"(anonymous_4)","decl":{"start":{"line":91,"column":17},"end":{"line":91,"column":23}},"loc":{"start":{"line":91,"column":23},"end":{"line":91,"column":null}},"line":91},"5":{"name":"(anonymous_5)","decl":{"start":{"line":91,"column":33},"end":{"line":91,"column":34}},"loc":{"start":{"line":91,"column":40},"end":{"line":91,"column":42}},"line":91}},"branchMap":{"0":{"loc":{"start":{"line":21,"column":4},"end":{"line":21,"column":null}},"type":"if","locations":[{"start":{"line":21,"column":4},"end":{"line":21,"column":null}},{"start":{},"end":{}}],"line":21},"1":{"loc":{"start":{"line":25,"column":17},"end":{"line":27,"column":null}},"type":"cond-expr","locations":[{"start":{"line":26,"column":8},"end":{"line":26,"column":null}},{"start":{"line":27,"column":8},"end":{"line":27,"column":null}}],"line":25},"2":{"loc":{"start":{"line":37,"column":7},"end":{"line":86,"column":null}},"type":"binary-expr","locations":[{"start":{"line":37,"column":7},"end":{"line":37,"column":null}},{"start":{"line":38,"column":8},"end":{"line":86,"column":null}}],"line":37},"3":{"loc":{"start":{"line":45,"column":48},"end":{"line":45,"column":97}},"type":"cond-expr","locations":[{"start":{"line":45,"column":63},"end":{"line":45,"column":95}},{"start":{"line":45,"column":95},"end":{"line":45,"column":97}}],"line":45},"4":{"loc":{"start":{"line":92,"column":20},"end":{"line":92,"column":null}},"type":"cond-expr","locations":[{"start":{"line":92,"column":29},"end":{"line":92,"column":62}},{"start":{"line":92,"column":62},"end":{"line":92,"column":null}}],"line":92}},"s":{"0":5,"1":5,"2":0,"3":0,"4":0,"5":0,"6":0,"7":0,"8":0,"9":0,"10":0,"11":5,"12":0,"13":0,"14":0,"15":0},"f":{"0":5,"1":0,"2":0,"3":0,"4":0,"5":0},"b":{"0":[0,0],"1":[0,0],"2":[5,0],"3":[0,0],"4":[0,5]},"meta":{"lastBranch":5,"lastFunction":6,"lastStatement":16,"seen":{"f:11:24:11:44":0,"s:17:26:17:Infinity":0,"s:20:27:33:Infinity":1,"f:20:27:20:33":1,"b:21:4:21:Infinity:undefined:undefined:undefined:undefined":0,"s:21:4:21:Infinity":2,"s:21:40:21:Infinity":3,"s:22:4:22:Infinity":4,"s:24:20:24:Infinity":5,"s:25:17:27:Infinity":6,"b:26:8:26:Infinity:27:8:27:Infinity":1,"s:29:22:29:Infinity":7,"s:30:4:30:Infinity":8,"s:31:4:31:Infinity":9,"s:32:4:32:Infinity":10,"s:35:2:97:Infinity":11,"b:37:7:37:Infinity:38:8:86:Infinity":2,"b:45:63:45:95:45:95:45:97":3,"f:59:25:59:31":2,"s:59:31:59:Infinity":12,"f:67:25:67:31":3,"s:67:31:67:Infinity":13,"f:91:17:91:23":4,"s:91:23:91:Infinity":14,"f:91:33:91:34":5,"s:91:40:91:42":15,"b:92:29:92:62:92:62:92:Infinity":4},"fnNames":{}}}
,"C:\\Users\\Manas Singh\\Desktop\\Hackthon\\Gen Ai Google\\frontend\\src\\components\\Dashboard.jsx": {"path":"C:\\Users\\Manas Singh\\Desktop\\Hackthon\\Gen Ai Google\\frontend\\src\\components\\Dashboard.jsx","statementMap":{"0":{"start":{"line":6,"column":22},"end":{"line":13,"column":null}},"1":{"start":{"line":16,"column":23},"end":{"line":23,"column":null}},"2":{"start":{"line":26,"column":27},"end":{"line":35,"column":null}},"3":{"start":{"line":45,"column":24},"end":{"line":45,"column":null}},"4":{"start":{"line":46,"column":26},"end":{"line":46,"column":null}},"5":{"start":{"line":47,"column":36},"end":{"line":47,"column":null}},"6":{"start":{"line":48,"column":34},"end":{"line":48,"column":null}},"7":{"start":{"line":49,"column":44},"end":{"line":49,"column":null}},"8":{"start":{"line":50,"column":30},"end":{"line":50,"column":null}},"9":{"start":{"line":51,"column":8},"end":{"line":51,"column":null}},"10":{"start":{"line":52,"column":8},"end":{"line":52,"column":null}},"11":{"start":{"line":55,"column":2},"end":{"line":60,"column":null}},"12":{"start":{"line":56,"column":4},"end":{"line":58,"column":null}},"13":{"start":{"line":57,"column":6},"end":{"line":57,"column":null}},"14":{"start":{"line":57,"column":29},"end":{"line":57,"column":49}},"15":{"start":{"line":59,"column":4},"end":{"line":59,"column":null}},"16":{"start":{"line":59,"column":17},"end":{"line":59,"column":null}},"17":{"start":{"line":63,"column":2},"end":{"line":87,"column":null}},"18":{"start":{"line":64,"column":21},"end":{"line":85,"column":null}},"19":{"start":{"line":65,"column":6},"end":{"line":84,"column":null}},"20":{"start":{"line":66,"column":8},"end":{"line":83,"column":null}},"21":{"start":{"line":67,"column":10},"end":{"line":71,"column":null}},"22":{"start":{"line":68,"column":26},"end":{"line":68,"column":null}},"23":{"start":{"line":69,"column":27},"end":{"line":69,"column":null}},"24":{"start":{"line":70,"column":12},"end":{"line":70,"column":null}},"25":{"start":{"line":72,"column":10},"end":{"line":77,"column":null}},"26":{"start":{"line":73,"column":18},"end":{"line":73,"column":null}},"27":{"start":{"line":74,"column":29},"end":{"line":74,"column":null}},"28":{"start":{"line":75,"column":18},"end":{"line":75,"column":null}},"29":{"start":{"line":76,"column":12},"end":{"line":76,"column":null}},"30":{"start":{"line":78,"column":10},"end":{"line":81,"column":null}},"31":{"start":{"line":79,"column":24},"end":{"line":79,"column":null}},"32":{"start":{"line":80,"column":12},"end":{"line":80,"column":null}},"33":{"start":{"line":82,"column":10},"end":{"line":82,"column":null}},"34":{"start":{"line":86,"column":4},"end":{"line":86,"column":null}},"35":{"start":{"line":86,"column":17},"end":{"line":86,"column":null}},"36":{"start":{"line":90,"column":2},"end":{"line":102,"column":null}},"37":{"start":{"line":91,"column":21},"end":{"line":100,"column":null}},"38":{"start":{"line":92,"column":19},"end":{"line":92,"column":null}},"39":{"start":{"line":93,"column":23},"end":{"line":93,"column":null}},"40":{"start":{"line":94,"column":23},"end":{"line":98,"column":null}},"41":{"start":{"line":99,"column":6},"end":{"line":99,"column":null}},"42":{"start":{"line":99,"column":26},"end":{"line":99,"column":57}},"43":{"start":{"line":101,"column":4},"end":{"line":101,"column":null}},"44":{"start":{"line":101,"column":17},"end":{"line":101,"column":null}},"45":{"start":{"line":105,"column":8},"end":{"line":133,"column":null}},"46":{"start":{"line":106,"column":4},"end":{"line":106,"column":null}},"47":{"start":{"line":107,"column":4},"end":{"line":132,"column":null}},"48":{"start":{"line":108,"column":27},"end":{"line":108,"column":null}},"49":{"start":{"line":109,"column":6},"end":{"line":109,"column":null}},"50":{"start":{"line":109,"column":29},"end":{"line":109,"column":59}},"51":{"start":{"line":111,"column":18},"end":{"line":115,"column":null}},"52":{"start":{"line":117,"column":6},"end":{"line":117,"column":null}},"53":{"start":{"line":117,"column":19},"end":{"line":117,"column":null}},"54":{"start":{"line":118,"column":19},"end":{"line":118,"column":null}},"55":{"start":{"line":119,"column":6},"end":{"line":119,"column":null}},"56":{"start":{"line":120,"column":6},"end":{"line":120,"column":null}},"57":{"start":{"line":122,"column":6},"end":{"line":128,"column":null}},"58":{"start":{"line":129,"column":6},"end":{"line":129,"column":null}},"59":{"start":{"line":131,"column":6},"end":{"line":131,"column":null}},"60":{"start":{"line":136,"column":2},"end":{"line":140,"column":null}},"61":{"start":{"line":137,"column":4},"end":{"line":137,"column":null}},"62":{"start":{"line":138,"column":21},"end":{"line":138,"column":null}},"63":{"start":{"line":139,"column":4},"end":{"line":139,"column":null}},"64":{"start":{"line":139,"column":17},"end":{"line":139,"column":null}},"65":{"start":{"line":143,"column":20},"end":{"line":151,"column":null}},"66":{"start":{"line":144,"column":16},"end":{"line":149,"column":null}},"67":{"start":{"line":150,"column":4},"end":{"line":150,"column":null}},"68":{"start":{"line":153,"column":2},"end":{"line":350,"column":null}},"69":{"start":{"line":182,"column":10},"end":{"line":191,"column":null}},"70":{"start":{"line":226,"column":16},"end":{"line":235,"column":null}},"71":{"start":{"line":315,"column":65},"end":{"line":315,"column":86}},"72":{"start":{"line":338,"column":14},"end":{"line":345,"column":null}}},"fnMap":{"0":{"name":"Dashboard","decl":{"start":{"line":44,"column":24},"end":{"line":44,"column":36}},"loc":{"start":{"line":44,"column":36},"end":{"line":352,"column":null}},"line":44},"1":{"name":"(anonymous_1)","decl":{"start":{"line":55,"column":12},"end":{"line":55,"column":18}},"loc":{"start":{"line":55,"column":18},"end":{"line":60,"column":5}},"line":55},"2":{"name":"(anonymous_2)","decl":{"start":{"line":56,"column":35},"end":{"line":56,"column":41}},"loc":{"start":{"line":56,"column":41},"end":{"line":58,"column":7}},"line":56},"3":{"name":"(anonymous_3)","decl":{"start":{"line":57,"column":21},"end":{"line":57,"column":22}},"loc":{"start":{"line":57,"column":29},"end":{"line":57,"column":49}},"line":57},"4":{"name":"(anonymous_4)","decl":{"start":{"line":59,"column":11},"end":{"line":59,"column":17}},"loc":{"start":{"line":59,"column":17},"end":{"line":59,"column":null}},"line":59},"5":{"name":"(anonymous_5)","decl":{"start":{"line":63,"column":12},"end":{"line":63,"column":18}},"loc":{"start":{"line":63,"column":18},"end":{"line":87,"column":5}},"line":63},"6":{"name":"(anonymous_6)","decl":{"start":{"line":64,"column":33},"end":{"line":64,"column":39}},"loc":{"start":{"line":64,"column":39},"end":{"line":85,"column":7}},"line":64},"7":{"name":"(anonymous_7)","decl":{"start":{"line":65,"column":15},"end":{"line":65,"column":16}},"loc":{"start":{"line":66,"column":8},"end":{"line":83,"column":null}},"line":66},"8":{"name":"(anonymous_8)","decl":{"start":{"line":66,"column":17},"end":{"line":66,"column":18}},"loc":{"start":{"line":66,"column":24},"end":{"line":83,"column":9}},"line":66},"9":{"name":"(anonymous_9)","decl":{"start":{"line":86,"column":11},"end":{"line":86,"column":17}},"loc":{"start":{"line":86,"column":17},"end":{"line":86,"column":null}},"line":86},"10":{"name":"(anonymous_10)","decl":{"start":{"line":90,"column":12},"end":{"line":90,"column":18}},"loc":{"start":{"line":90,"column":18},"end":{"line":102,"column":5}},"line":90},"11":{"name":"(anonymous_11)","decl":{"start":{"line":91,"column":33},"end":{"line":91,"column":39}},"loc":{"start":{"line":91,"column":39},"end":{"line":100,"column":7}},"line":91},"12":{"name":"(anonymous_12)","decl":{"start":{"line":99,"column":16},"end":{"line":99,"column":17}},"loc":{"start":{"line":99,"column":26},"end":{"line":99,"column":57}},"line":99},"13":{"name":"(anonymous_13)","decl":{"start":{"line":101,"column":11},"end":{"line":101,"column":17}},"loc":{"start":{"line":101,"column":17},"end":{"line":101,"column":null}},"line":101},"14":{"name":"(anonymous_14)","decl":{"start":{"line":105,"column":36},"end":{"line":105,"column":48}},"loc":{"start":{"line":105,"column":48},"end":{"line":133,"column":5}},"line":105},"15":{"name":"(anonymous_15)","decl":{"start":{"line":109,"column":20},"end":{"line":109,"column":21}},"loc":{"start":{"line":109,"column":27},"end":{"line":109,"column":60}},"line":109},"16":{"name":"(anonymous_16)","decl":{"start":{"line":136,"column":12},"end":{"line":136,"column":18}},"loc":{"start":{"line":136,"column":18},"end":{"line":140,"column":5}},"line":136},"17":{"name":"(anonymous_17)","decl":{"start":{"line":139,"column":11},"end":{"line":139,"column":17}},"loc":{"start":{"line":139,"column":17},"end":{"line":139,"column":null}},"line":139},"18":{"name":"(anonymous_18)","decl":{"start":{"line":143,"column":20},"end":{"line":143,"column":21}},"loc":{"start":{"line":143,"column":31},"end":{"line":151,"column":null}},"line":143},"19":{"name":"(anonymous_19)","decl":{"start":{"line":181,"column":19},"end":{"line":181,"column":20}},"loc":{"start":{"line":182,"column":10},"end":{"line":191,"column":null}},"line":182},"20":{"name":"(anonymous_20)","decl":{"start":{"line":225,"column":40},"end":{"line":225,"column":41}},"loc":{"start":{"line":226,"column":16},"end":{"line":235,"column":null}},"line":226},"21":{"name":"(anonymous_21)","decl":{"start":{"line":315,"column":60},"end":{"line":315,"column":65}},"loc":{"start":{"line":315,"column":65},"end":{"line":315,"column":86}},"line":315},"22":{"name":"(anonymous_22)","decl":{"start":{"line":337,"column":24},"end":{"line":337,"column":25}},"loc":{"start":{"line":338,"column":14},"end":{"line":345,"column":null}},"line":338}},"branchMap":{"0":{"loc":{"start":{"line":57,"column":29},"end":{"line":57,"column":49}},"type":"cond-expr","locations":[{"start":{"line":57,"column":39},"end":{"line":57,"column":43}},{"start":{"line":57,"column":43},"end":{"line":57,"column":49}}],"line":57},"1":{"loc":{"start":{"line":67,"column":10},"end":{"line":71,"column":null}},"type":"if","locations":[{"start":{"line":67,"column":10},"end":{"line":71,"column":null}},{"start":{},"end":{}}],"line":67},"2":{"loc":{"start":{"line":69,"column":44},"end":{"line":69,"column":93}},"type":"cond-expr","locations":[{"start":{"line":69,"column":74},"end":{"line":69,"column":84}},{"start":{"line":69,"column":84},"end":{"line":69,"column":93}}],"line":69},"3":{"loc":{"start":{"line":72,"column":10},"end":{"line":77,"column":null}},"type":"if","locations":[{"start":{"line":72,"column":10},"end":{"line":77,"column":null}},{"start":{},"end":{}}],"line":72},"4":{"loc":{"start":{"line":74,"column":29},"end":{"line":74,"column":null}},"type":"binary-expr","locations":[{"start":{"line":74,"column":29},"end":{"line":74,"column":52}},{"start":{"line":74,"column":52},"end":{"line":74,"column":null}}],"line":74},"5":{"loc":{"start":{"line":76,"column":62},"end":{"line":76,"column":81}},"type":"cond-expr","locations":[{"start":{"line":76,"column":73},"end":{"line":76,"column":79}},{"start":{"line":76,"column":79},"end":{"line":76,"column":81}}],"line":76},"6":{"loc":{"start":{"line":76,"column":107},"end":{"line":76,"column":132}},"type":"cond-expr","locations":[{"start":{"line":76,"column":118},"end":{"line":76,"column":127}},{"start":{"line":76,"column":127},"end":{"line":76,"column":132}}],"line":76},"7":{"loc":{"start":{"line":78,"column":10},"end":{"line":81,"column":null}},"type":"if","locations":[{"start":{"line":78,"column":10},"end":{"line":81,"column":null}},{"start":{},"end":{}}],"line":78},"8":{"loc":{"start":{"line":80,"column":52},"end":{"line":80,"column":87}},"type":"cond-expr","locations":[{"start":{"line":80,"column":63},"end":{"line":80,"column":77}},{"start":{"line":80,"column":77},"end":{"line":80,"column":87}}],"line":80},"9":{"loc":{"start":{"line":80,"column":98},"end":{"line":80,"column":123}},"type":"cond-expr","locations":[{"start":{"line":80,"column":109},"end":{"line":80,"column":118}},{"start":{"line":80,"column":118},"end":{"line":80,"column":123}}],"line":80},"10":{"loc":{"start":{"line":117,"column":6},"end":{"line":117,"column":null}},"type":"if","locations":[{"start":{"line":117,"column":6},"end":{"line":117,"column":null}},{"start":{},"end":{}}],"line":117},"11":{"loc":{"start":{"line":150,"column":11},"end":{"line":150,"column":null}},"type":"binary-expr","locations":[{"start":{"line":150,"column":11},"end":{"line":150,"column":25}},{"start":{"line":150,"column":25},"end":{"line":150,"column":null}}],"line":150},"12":{"loc":{"start":{"line":162,"column":11},"end":{"line":174,"column":null}},"type":"binary-expr","locations":[{"start":{"line":162,"column":11},"end":{"line":162,"column":null}},{"start":{"line":163,"column":12},"end":{"line":174,"column":null}}],"line":162},"13":{"loc":{"start":{"line":169,"column":26},"end":{"line":169,"column":null}},"type":"cond-expr","locations":[{"start":{"line":169,"column":50},"end":{"line":169,"column":81}},{"start":{"line":169,"column":81},"end":{"line":169,"column":null}}],"line":169},"14":{"loc":{"start":{"line":170,"column":21},"end":{"line":170,"column":null}},"type":"cond-expr","locations":[{"start":{"line":170,"column":45},"end":{"line":170,"column":74}},{"start":{"line":170,"column":74},"end":{"line":170,"column":null}}],"line":170},"15":{"loc":{"start":{"line":171,"column":35},"end":{"line":171,"column":117}},"type":"cond-expr","locations":[{"start":{"line":171,"column":59},"end":{"line":171,"column":90}},{"start":{"line":171,"column":90},"end":{"line":171,"column":117}}],"line":171},"16":{"loc":{"start":{"line":173,"column":15},"end":{"line":173,"column":null}},"type":"cond-expr","locations":[{"start":{"line":173,"column":39},"end":{"line":173,"column":57}},{"start":{"line":173,"column":57},"end":{"line":173,"column":null}}],"line":173},"17":{"loc":{"start":{"line":185,"column":15},"end":{"line":185,"column":null}},"type":"cond-expr","locations":[{"start":{"line":185,"column":48},"end":{"line":185,"column":78}},{"start":{"line":185,"column":78},"end":{"line":185,"column":null}}],"line":185},"18":{"loc":{"start":{"line":189,"column":15},"end":{"line":189,"column":51}},"type":"cond-expr","locations":[{"start":{"line":189,"column":41},"end":{"line":189,"column":47}},{"start":{"line":189,"column":47},"end":{"line":189,"column":51}}],"line":189},"19":{"loc":{"start":{"line":196,"column":7},"end":{"line":292,"column":null}},"type":"binary-expr","locations":[{"start":{"line":196,"column":7},"end":{"line":196,"column":null}},{"start":{"line":197,"column":8},"end":{"line":292,"column":null}}],"line":196},"20":{"loc":{"start":{"line":212,"column":25},"end":{"line":212,"column":null}},"type":"cond-expr","locations":[{"start":{"line":212,"column":43},"end":{"line":212,"column":49}},{"start":{"line":212,"column":49},"end":{"line":212,"column":null}}],"line":212},"21":{"loc":{"start":{"line":215,"column":15},"end":{"line":215,"column":null}},"type":"cond-expr","locations":[{"start":{"line":215,"column":33},"end":{"line":215,"column":52}},{"start":{"line":215,"column":52},"end":{"line":215,"column":null}}],"line":215},"22":{"loc":{"start":{"line":253,"column":23},"end":{"line":253,"column":null}},"type":"binary-expr","locations":[{"start":{"line":253,"column":23},"end":{"line":253,"column":47}},{"start":{"line":253,"column":47},"end":{"line":253,"column":null}}],"line":253},"23":{"loc":{"start":{"line":259,"column":21},"end":{"line":259,"column":122}},"type":"cond-expr","locations":[{"start":{"line":259,"column":62},"end":{"line":259,"column":69}},{"start":{"line":259,"column":69},"end":{"line":259,"column":122}}],"line":259},"24":{"loc":{"start":{"line":259,"column":69},"end":{"line":259,"column":122}},"type":"cond-expr","locations":[{"start":{"line":259,"column":110},"end":{"line":259,"column":117}},{"start":{"line":259,"column":117},"end":{"line":259,"column":122}}],"line":259},"25":{"loc":{"start":{"line":259,"column":124},"end":{"line":259,"column":null}},"type":"binary-expr","locations":[{"start":{"line":259,"column":124},"end":{"line":259,"column":149}},{"start":{"line":259,"column":149},"end":{"line":259,"column":null}}],"line":259},"26":{"loc":{"start":{"line":277,"column":15},"end":{"line":288,"column":null}},"type":"binary-expr","locations":[{"start":{"line":277,"column":15},"end":{"line":277,"column":null}},{"start":{"line":278,"column":16},"end":{"line":288,"column":null}}],"line":277},"27":{"loc":{"start":{"line":315,"column":49},"end":{"line":315,"column":125}},"type":"binary-expr","locations":[{"start":{"line":315,"column":49},"end":{"line":315,"column":116}},{"start":{"line":315,"column":116},"end":{"line":315,"column":125}}],"line":315}},"s":{"0":1,"1":1,"2":1,"3":9,"4":9,"5":9,"6":9,"7":9,"8":9,"9":9,"10":9,"11":9,"12":3,"13":0,"14":0,"15":3,"16":3,"17":9,"18":3,"19":0,"20":0,"21":0,"22":0,"23":0,"24":0,"25":0,"26":0,"27":0,"28":0,"29":0,"30":0,"31":0,"32":0,"33":0,"34":3,"35":3,"36":9,"37":3,"38":0,"39":0,"40":0,"41":0,"42":0,"43":3,"44":3,"45":9,"46":3,"47":3,"48":3,"49":3,"50":18,"51":3,"52":0,"53":0,"54":0,"55":0,"56":0,"57":3,"58":3,"59":3,"60":9,"61":3,"62":3,"63":3,"64":3,"65":9,"66":3,"67":3,"68":9,"69":54,"70":9,"71":9,"72":54},"f":{"0":9,"1":3,"2":0,"3":0,"4":3,"5":3,"6":0,"7":0,"8":0,"9":3,"10":3,"11":0,"12":0,"13":3,"14":3,"15":18,"16":3,"17":3,"18":3,"19":54,"20":9,"21":9,"22":54},"b":{"0":[0,0],"1":[0,0],"2":[0,0],"3":[0,0],"4":[0,0],"5":[0,0],"6":[0,0],"7":[0,0],"8":[0,0],"9":[0,0],"10":[0,0],"11":[3,0],"12":[9,3],"13":[0,3],"14":[0,3],"15":[0,3],"16":[0,3],"17":[18,36],"18":[45,9],"19":[9,3],"20":[0,3],"21":[0,3],"22":[3,0],"23":[0,3],"24":[0,3],"25":[3,0],"26":[3,3],"27":[9,0]},"meta":{"lastBranch":28,"lastFunction":23,"lastStatement":73,"seen":{"s:6:22:13:Infinity":0,"s:16:23:23:Infinity":1,"s:26:27:35:Infinity":2,"f:44:24:44:36":0,"s:45:24:45:Infinity":3,"s:46:26:46:Infinity":4,"s:47:36:47:Infinity":5,"s:48:34:48:Infinity":6,"s:49:44:49:Infinity":7,"s:50:30:50:Infinity":8,"s:51:8:51:Infinity":9,"s:52:8:52:Infinity":10,"s:55:2:60:Infinity":11,"f:55:12:55:18":1,"s:56:4:58:Infinity":12,"f:56:35:56:41":2,"s:57:6:57:Infinity":13,"f:57:21:57:22":3,"s:57:29:57:49":14,"b:57:39:57:43:57:43:57:49":0,"s:59:4:59:Infinity":15,"f:59:11:59:17":4,"s:59:17:59:Infinity":16,"s:63:2:87:Infinity":17,"f:63:12:63:18":5,"s:64:21:85:Infinity":18,"f:64:33:64:39":6,"s:65:6:84:Infinity":19,"f:65:15:65:16":7,"s:66:8:83:Infinity":20,"f:66:17:66:18":8,"b:67:10:71:Infinity:undefined:undefined:undefined:undefined":1,"s:67:10:71:Infinity":21,"s:68:26:68:Infinity":22,"s:69:27:69:Infinity":23,"b:69:74:69:84:69:84:69:93":2,"s:70:12:70:Infinity":24,"b:72:10:77:Infinity:undefined:undefined:undefined:undefined":3,"s:72:10:77:Infinity":25,"s:73:18:73:Infinity":26,"s:74:29:74:Infinity":27,"b:74:29:74:52:74:52:74:Infinity":4,"s:75:18:75:Infinity":28,"s:76:12:76:Infinity":29,"b:76:73:76:79:76:79:76:81":5,"b:76:118:76:127:76:127:76:132":6,"b:78:10:81:Infinity:undefined:undefined:undefined:undefined":7,"s:78:10:81:Infinity":30,"s:79:24:79:Infinity":31,"s:80:12:80:Infinity":32,"b:80:63:80:77:80:77:80:87":8,"b:80:109:80:118:80:118:80:123":9,"s:82:10:82:Infinity":33,"s:86:4:86:Infinity":34,"f:86:11:86:17":9,"s:86:17:86:Infinity":35,"s:90:2:102:Infinity":36,"f:90:12:90:18":10,"s:91:21:100:Infinity":37,"f:91:33:91:39":11,"s:92:19:92:Infinity":38,"s:93:23:93:Infinity":39,"s:94:23:98:Infinity":40,"s:99:6:99:Infinity":41,"f:99:16:99:17":12,"s:99:26:99:57":42,"s:101:4:101:Infinity":43,"f:101:11:101:17":13,"s:101:17:101:Infinity":44,"s:105:8:133:Infinity":45,"f:105:36:105:48":14,"s:106:4:106:Infinity":46,"s:107:4:132:Infinity":47,"s:108:27:108:Infinity":48,"s:109:6:109:Infinity":49,"f:109:20:109:21":15,"s:109:29:109:59":50,"s:111:18:115:Infinity":51,"b:117:6:117:Infinity:undefined:undefined:undefined:undefined":10,"s:117:6:117:Infinity":52,"s:117:19:117:Infinity":53,"s:118:19:118:Infinity":54,"s:119:6:119:Infinity":55,"s:120:6:120:Infinity":56,"s:122:6:128:Infinity":57,"s:129:6:129:Infinity":58,"s:131:6:131:Infinity":59,"s:136:2:140:Infinity":60,"f:136:12:136:18":16,"s:137:4:137:Infinity":61,"s:138:21:138:Infinity":62,"s:139:4:139:Infinity":63,"f:139:11:139:17":17,"s:139:17:139:Infinity":64,"s:143:20:151:Infinity":65,"f:143:20:143:21":18,"s:144:16:149:Infinity":66,"s:150:4:150:Infinity":67,"b:150:11:150:25:150:25:150:Infinity":11,"s:153:2:350:Infinity":68,"b:162:11:162:Infinity:163:12:174:Infinity":12,"b:169:50:169:81:169:81:169:Infinity":13,"b:170:45:170:74:170:74:170:Infinity":14,"b:171:59:171:90:171:90:171:117":15,"b:173:39:173:57:173:57:173:Infinity":16,"f:181:19:181:20":19,"s:182:10:191:Infinity":69,"b:185:48:185:78:185:78:185:Infinity":17,"b:189:41:189:47:189:47:189:51":18,"b:196:7:196:Infinity:197:8:292:Infinity":19,"b:212:43:212:49:212:49:212:Infinity":20,"b:215:33:215:52:215:52:215:Infinity":21,"f:225:40:225:41":20,"s:226:16:235:Infinity":70,"b:253:23:253:47:253:47:253:Infinity":22,"b:259:62:259:69:259:69:259:122":23,"b:259:110:259:117:259:117:259:122":24,"b:259:124:259:149:259:149:259:Infinity":25,"b:277:15:277:Infinity:278:16:288:Infinity":26,"b:315:49:315:116:315:116:315:125":27,"f:315:60:315:65":21,"s:315:65:315:86":71,"f:337:24:337:25":22,"s:338:14:345:Infinity":72},"fnNames":{}}}
,"C:\\Users\\Manas Singh\\Desktop\\Hackthon\\Gen Ai Google\\frontend\\src\\components\\FanHub.jsx": {"path":"C:\\Users\\Manas Singh\\Desktop\\Hackthon\\Gen Ai Google\\frontend\\src\\components\\FanHub.jsx","statementMap":{"0":{"start":{"line":9,"column":14},"end":{"line":19,"column":null}},"1":{"start":{"line":22,"column":18},"end":{"line":32,"column":null}},"2":{"start":{"line":35,"column":22},"end":{"line":44,"column":null}},"3":{"start":{"line":59,"column":38},"end":{"line":59,"column":null}},"4":{"start":{"line":60,"column":30},"end":{"line":62,"column":null}},"5":{"start":{"line":63,"column":32},"end":{"line":63,"column":null}},"6":{"start":{"line":64,"column":32},"end":{"line":64,"column":null}},"7":{"start":{"line":65,"column":30},"end":{"line":65,"column":null}},"8":{"start":{"line":66,"column":32},"end":{"line":66,"column":null}},"9":{"start":{"line":67,"column":8},"end":{"line":67,"column":null}},"10":{"start":{"line":69,"column":2},"end":{"line":73,"column":null}},"11":{"start":{"line":70,"column":4},"end":{"line":72,"column":null}},"12":{"start":{"line":71,"column":6},"end":{"line":71,"column":null}},"13":{"start":{"line":76,"column":8},"end":{"line":103,"column":null}},"14":{"start":{"line":77,"column":10},"end":{"line":77,"column":null}},"15":{"start":{"line":78,"column":4},"end":{"line":78,"column":null}},"16":{"start":{"line":78,"column":31},"end":{"line":78,"column":null}},"17":{"start":{"line":80,"column":20},"end":{"line":80,"column":null}},"18":{"start":{"line":81,"column":4},"end":{"line":81,"column":null}},"19":{"start":{"line":81,"column":26},"end":{"line":81,"column":44}},"20":{"start":{"line":82,"column":4},"end":{"line":82,"column":null}},"21":{"start":{"line":83,"column":4},"end":{"line":83,"column":null}},"22":{"start":{"line":85,"column":4},"end":{"line":102,"column":null}},"23":{"start":{"line":86,"column":18},"end":{"line":90,"column":null}},"24":{"start":{"line":92,"column":6},"end":{"line":92,"column":null}},"25":{"start":{"line":92,"column":19},"end":{"line":92,"column":null}},"26":{"start":{"line":93,"column":19},"end":{"line":93,"column":null}},"27":{"start":{"line":94,"column":6},"end":{"line":94,"column":null}},"28":{"start":{"line":94,"column":28},"end":{"line":94,"column":92}},"29":{"start":{"line":96,"column":6},"end":{"line":99,"column":null}},"30":{"start":{"line":96,"column":28},"end":{"line":99,"column":7}},"31":{"start":{"line":101,"column":6},"end":{"line":101,"column":null}},"32":{"start":{"line":106,"column":24},"end":{"line":111,"column":null}},"33":{"start":{"line":107,"column":4},"end":{"line":110,"column":null}},"34":{"start":{"line":108,"column":6},"end":{"line":108,"column":null}},"35":{"start":{"line":109,"column":6},"end":{"line":109,"column":null}},"36":{"start":{"line":114,"column":23},"end":{"line":120,"column":null}},"37":{"start":{"line":115,"column":4},"end":{"line":115,"column":null}},"38":{"start":{"line":115,"column":24},"end":{"line":115,"column":46}},"39":{"start":{"line":116,"column":4},"end":{"line":119,"column":null}},"40":{"start":{"line":116,"column":26},"end":{"line":119,"column":5}},"41":{"start":{"line":123,"column":19},"end":{"line":123,"column":null}},"42":{"start":{"line":123,"column":52},"end":{"line":123,"column":73}},"43":{"start":{"line":125,"column":2},"end":{"line":367,"column":null}},"44":{"start":{"line":159,"column":16},"end":{"line":180,"column":null}},"45":{"start":{"line":159,"column":48},"end":{"line":159,"column":null}},"46":{"start":{"line":185,"column":16},"end":{"line":195,"column":null}},"47":{"start":{"line":240,"column":31},"end":{"line":240,"column":null}},"48":{"start":{"line":264,"column":16},"end":{"line":280,"column":null}},"49":{"start":{"line":294,"column":16},"end":{"line":301,"column":null}},"50":{"start":{"line":297,"column":33},"end":{"line":297,"column":null}},"51":{"start":{"line":309,"column":33},"end":{"line":309,"column":null}},"52":{"start":{"line":317,"column":31},"end":{"line":317,"column":null}},"53":{"start":{"line":352,"column":71},"end":{"line":352,"column":109}},"54":{"start":{"line":355,"column":71},"end":{"line":355,"column":117}},"55":{"start":{"line":358,"column":71},"end":{"line":358,"column":110}},"56":{"start":{"line":361,"column":71},"end":{"line":361,"column":112}},"57":{"start":{"line":377,"column":2},"end":{"line":377,"column":null}},"58":{"start":{"line":377,"column":16},"end":{"line":377,"column":null}},"59":{"start":{"line":378,"column":15},"end":{"line":378,"column":null}},"60":{"start":{"line":379,"column":16},"end":{"line":379,"column":null}},"61":{"start":{"line":380,"column":2},"end":{"line":409,"column":null}},"62":{"start":{"line":382,"column":20},"end":{"line":382,"column":null}},"63":{"start":{"line":383,"column":21},"end":{"line":383,"column":null}},"64":{"start":{"line":384,"column":22},"end":{"line":384,"column":null}},"65":{"start":{"line":387,"column":18},"end":{"line":387,"column":null}},"66":{"start":{"line":388,"column":20},"end":{"line":393,"column":null}},"67":{"start":{"line":389,"column":6},"end":{"line":391,"column":null}},"68":{"start":{"line":390,"column":8},"end":{"line":390,"column":null}},"69":{"start":{"line":392,"column":6},"end":{"line":392,"column":null}},"70":{"start":{"line":395,"column":4},"end":{"line":402,"column":null}},"71":{"start":{"line":396,"column":6},"end":{"line":400,"column":null}},"72":{"start":{"line":404,"column":4},"end":{"line":407,"column":null}}},"fnMap":{"0":{"name":"FanHub","decl":{"start":{"line":58,"column":24},"end":{"line":58,"column":33}},"loc":{"start":{"line":58,"column":33},"end":{"line":369,"column":null}},"line":58},"1":{"name":"(anonymous_1)","decl":{"start":{"line":69,"column":12},"end":{"line":69,"column":18}},"loc":{"start":{"line":69,"column":18},"end":{"line":73,"column":5}},"line":69},"2":{"name":"(anonymous_2)","decl":{"start":{"line":76,"column":34},"end":{"line":76,"column":41}},"loc":{"start":{"line":76,"column":50},"end":{"line":103,"column":5}},"line":76},"3":{"name":"(anonymous_3)","decl":{"start":{"line":81,"column":16},"end":{"line":81,"column":17}},"loc":{"start":{"line":81,"column":26},"end":{"line":81,"column":44}},"line":81},"4":{"name":"(anonymous_4)","decl":{"start":{"line":94,"column":18},"end":{"line":94,"column":19}},"loc":{"start":{"line":94,"column":28},"end":{"line":94,"column":92}},"line":94},"5":{"name":"(anonymous_5)","decl":{"start":{"line":96,"column":18},"end":{"line":96,"column":19}},"loc":{"start":{"line":96,"column":28},"end":{"line":99,"column":7}},"line":96},"6":{"name":"(anonymous_6)","decl":{"start":{"line":106,"column":24},"end":{"line":106,"column":25}},"loc":{"start":{"line":106,"column":31},"end":{"line":111,"column":null}},"line":106},"7":{"name":"(anonymous_7)","decl":{"start":{"line":114,"column":23},"end":{"line":114,"column":24}},"loc":{"start":{"line":114,"column":40},"end":{"line":120,"column":null}},"line":114},"8":{"name":"(anonymous_8)","decl":{"start":{"line":115,"column":17},"end":{"line":115,"column":18}},"loc":{"start":{"line":115,"column":24},"end":{"line":115,"column":46}},"line":115},"9":{"name":"(anonymous_9)","decl":{"start":{"line":116,"column":16},"end":{"line":116,"column":17}},"loc":{"start":{"line":116,"column":26},"end":{"line":119,"column":5}},"line":116},"10":{"name":"(anonymous_10)","decl":{"start":{"line":123,"column":45},"end":{"line":123,"column":46}},"loc":{"start":{"line":123,"column":52},"end":{"line":123,"column":73}},"line":123},"11":{"name":"(anonymous_11)","decl":{"start":{"line":158,"column":25},"end":{"line":158,"column":26}},"loc":{"start":{"line":159,"column":16},"end":{"line":180,"column":null}},"line":159},"12":{"name":"(anonymous_12)","decl":{"start":{"line":159,"column":42},"end":{"line":159,"column":48}},"loc":{"start":{"line":159,"column":48},"end":{"line":159,"column":null}},"line":159},"13":{"name":"(anonymous_13)","decl":{"start":{"line":184,"column":29},"end":{"line":184,"column":30}},"loc":{"start":{"line":185,"column":16},"end":{"line":195,"column":null}},"line":185},"14":{"name":"(anonymous_14)","decl":{"start":{"line":240,"column":24},"end":{"line":240,"column":25}},"loc":{"start":{"line":240,"column":31},"end":{"line":240,"column":null}},"line":240},"15":{"name":"(anonymous_15)","decl":{"start":{"line":263,"column":28},"end":{"line":263,"column":29}},"loc":{"start":{"line":264,"column":16},"end":{"line":280,"column":null}},"line":264},"16":{"name":"(anonymous_16)","decl":{"start":{"line":293,"column":33},"end":{"line":293,"column":34}},"loc":{"start":{"line":294,"column":16},"end":{"line":301,"column":null}},"line":294},"17":{"name":"(anonymous_17)","decl":{"start":{"line":297,"column":27},"end":{"line":297,"column":33}},"loc":{"start":{"line":297,"column":33},"end":{"line":297,"column":null}},"line":297},"18":{"name":"(anonymous_18)","decl":{"start":{"line":309,"column":26},"end":{"line":309,"column":27}},"loc":{"start":{"line":309,"column":33},"end":{"line":309,"column":null}},"line":309},"19":{"name":"(anonymous_19)","decl":{"start":{"line":317,"column":25},"end":{"line":317,"column":31}},"loc":{"start":{"line":317,"column":31},"end":{"line":317,"column":null}},"line":317},"20":{"name":"(anonymous_20)","decl":{"start":{"line":352,"column":65},"end":{"line":352,"column":71}},"loc":{"start":{"line":352,"column":71},"end":{"line":352,"column":109}},"line":352},"21":{"name":"(anonymous_21)","decl":{"start":{"line":355,"column":65},"end":{"line":355,"column":71}},"loc":{"start":{"line":355,"column":71},"end":{"line":355,"column":117}},"line":355},"22":{"name":"(anonymous_22)","decl":{"start":{"line":358,"column":65},"end":{"line":358,"column":71}},"loc":{"start":{"line":358,"column":71},"end":{"line":358,"column":110}},"line":358},"23":{"name":"(anonymous_23)","decl":{"start":{"line":361,"column":65},"end":{"line":361,"column":71}},"loc":{"start":{"line":361,"column":71},"end":{"line":361,"column":112}},"line":361},"24":{"name":"formatMessageText","decl":{"start":{"line":376,"column":9},"end":{"line":376,"column":27}},"loc":{"start":{"line":376,"column":36},"end":{"line":410,"column":null}},"line":376},"25":{"name":"(anonymous_25)","decl":{"start":{"line":380,"column":19},"end":{"line":380,"column":20}},"loc":{"start":{"line":380,"column":38},"end":{"line":409,"column":3}},"line":380},"26":{"name":"(anonymous_26)","decl":{"start":{"line":388,"column":30},"end":{"line":388,"column":31}},"loc":{"start":{"line":388,"column":49},"end":{"line":393,"column":5}},"line":388}},"branchMap":{"0":{"loc":{"start":{"line":70,"column":4},"end":{"line":72,"column":null}},"type":"if","locations":[{"start":{"line":70,"column":4},"end":{"line":72,"column":null}},{"start":{},"end":{}}],"line":70},"1":{"loc":{"start":{"line":77,"column":21},"end":{"line":77,"column":40}},"type":"binary-expr","locations":[{"start":{"line":77,"column":21},"end":{"line":77,"column":29}},{"start":{"line":77,"column":29},"end":{"line":77,"column":40}}],"line":77},"2":{"loc":{"start":{"line":78,"column":4},"end":{"line":78,"column":null}},"type":"if","locations":[{"start":{"line":78,"column":4},"end":{"line":78,"column":null}},{"start":{},"end":{}}],"line":78},"3":{"loc":{"start":{"line":78,"column":8},"end":{"line":78,"column":31}},"type":"binary-expr","locations":[{"start":{"line":78,"column":8},"end":{"line":78,"column":20}},{"start":{"line":78,"column":20},"end":{"line":78,"column":31}}],"line":78},"4":{"loc":{"start":{"line":92,"column":6},"end":{"line":92,"column":null}},"type":"if","locations":[{"start":{"line":92,"column":6},"end":{"line":92,"column":null}},{"start":{},"end":{}}],"line":92},"5":{"loc":{"start":{"line":107,"column":4},"end":{"line":110,"column":null}},"type":"if","locations":[{"start":{"line":107,"column":4},"end":{"line":110,"column":null}},{"start":{},"end":{}}],"line":107},"6":{"loc":{"start":{"line":107,"column":8},"end":{"line":107,"column":42}},"type":"binary-expr","locations":[{"start":{"line":107,"column":8},"end":{"line":107,"column":29}},{"start":{"line":107,"column":29},"end":{"line":107,"column":42}}],"line":107},"7":{"loc":{"start":{"line":123,"column":19},"end":{"line":123,"column":null}},"type":"cond-expr","locations":[{"start":{"line":123,"column":34},"end":{"line":123,"column":77}},{"start":{"line":123,"column":77},"end":{"line":123,"column":null}}],"line":123},"8":{"loc":{"start":{"line":142,"column":13},"end":{"line":145,"column":null}},"type":"binary-expr","locations":[{"start":{"line":142,"column":13},"end":{"line":142,"column":null}},{"start":{"line":143,"column":14},"end":{"line":145,"column":null}}],"line":142},"9":{"loc":{"start":{"line":159,"column":64},"end":{"line":159,"column":105}},"type":"cond-expr","locations":[{"start":{"line":159,"column":91},"end":{"line":159,"column":98}},{"start":{"line":159,"column":98},"end":{"line":159,"column":105}}],"line":159},"10":{"loc":{"start":{"line":161,"column":47},"end":{"line":161,"column":103}},"type":"cond-expr","locations":[{"start":{"line":161,"column":74},"end":{"line":161,"column":101}},{"start":{"line":161,"column":101},"end":{"line":161,"column":103}}],"line":161},"11":{"loc":{"start":{"line":165,"column":33},"end":{"line":165,"column":null}},"type":"cond-expr","locations":[{"start":{"line":165,"column":60},"end":{"line":165,"column":66}},{"start":{"line":165,"column":66},"end":{"line":165,"column":null}}],"line":165},"12":{"loc":{"start":{"line":172,"column":30},"end":{"line":172,"column":null}},"type":"cond-expr","locations":[{"start":{"line":172,"column":52},"end":{"line":172,"column":59}},{"start":{"line":172,"column":59},"end":{"line":172,"column":null}}],"line":172},"13":{"loc":{"start":{"line":178,"column":21},"end":{"line":178,"column":null}},"type":"cond-expr","locations":[{"start":{"line":178,"column":43},"end":{"line":178,"column":55}},{"start":{"line":178,"column":55},"end":{"line":178,"column":null}}],"line":178},"14":{"loc":{"start":{"line":217,"column":11},"end":{"line":229,"column":null}},"type":"binary-expr","locations":[{"start":{"line":217,"column":11},"end":{"line":217,"column":null}},{"start":{"line":218,"column":12},"end":{"line":229,"column":null}}],"line":217},"15":{"loc":{"start":{"line":266,"column":59},"end":{"line":266,"column":94}},"type":"cond-expr","locations":[{"start":{"line":266,"column":81},"end":{"line":266,"column":90}},{"start":{"line":266,"column":90},"end":{"line":266,"column":94}}],"line":266},"16":{"loc":{"start":{"line":269,"column":19},"end":{"line":278,"column":null}},"type":"binary-expr","locations":[{"start":{"line":269,"column":19},"end":{"line":269,"column":33}},{"start":{"line":269,"column":33},"end":{"line":269,"column":null}},{"start":{"line":270,"column":20},"end":{"line":278,"column":null}}],"line":269},"17":{"loc":{"start":{"line":274,"column":29},"end":{"line":274,"column":null}},"type":"cond-expr","locations":[{"start":{"line":274,"column":55},"end":{"line":274,"column":84}},{"start":{"line":274,"column":84},"end":{"line":274,"column":null}}],"line":274},"18":{"loc":{"start":{"line":277,"column":23},"end":{"line":277,"column":null}},"type":"cond-expr","locations":[{"start":{"line":277,"column":49},"end":{"line":277,"column":66}},{"start":{"line":277,"column":66},"end":{"line":277,"column":null}}],"line":277},"19":{"loc":{"start":{"line":277,"column":66},"end":{"line":277,"column":null}},"type":"cond-expr","locations":[{"start":{"line":277,"column":95},"end":{"line":277,"column":112}},{"start":{"line":277,"column":112},"end":{"line":277,"column":null}}],"line":277},"20":{"loc":{"start":{"line":282,"column":15},"end":{"line":287,"column":null}},"type":"binary-expr","locations":[{"start":{"line":282,"column":15},"end":{"line":282,"column":null}},{"start":{"line":283,"column":16},"end":{"line":287,"column":null}}],"line":282},"21":{"loc":{"start":{"line":318,"column":26},"end":{"line":318,"column":null}},"type":"binary-expr","locations":[{"start":{"line":318,"column":26},"end":{"line":318,"column":39}},{"start":{"line":318,"column":39},"end":{"line":318,"column":null}}],"line":318},"22":{"loc":{"start":{"line":346,"column":13},"end":{"line":348,"column":null}},"type":"cond-expr","locations":[{"start":{"line":347,"column":16},"end":{"line":347,"column":null}},{"start":{"line":348,"column":16},"end":{"line":348,"column":null}}],"line":346},"23":{"loc":{"start":{"line":377,"column":2},"end":{"line":377,"column":null}},"type":"if","locations":[{"start":{"line":377,"column":2},"end":{"line":377,"column":null}},{"start":{},"end":{}}],"line":377},"24":{"loc":{"start":{"line":383,"column":21},"end":{"line":383,"column":null}},"type":"binary-expr","locations":[{"start":{"line":383,"column":21},"end":{"line":383,"column":49}},{"start":{"line":383,"column":49},"end":{"line":383,"column":null}}],"line":383},"25":{"loc":{"start":{"line":384,"column":22},"end":{"line":384,"column":null}},"type":"cond-expr","locations":[{"start":{"line":384,"column":33},"end":{"line":384,"column":56}},{"start":{"line":384,"column":56},"end":{"line":384,"column":null}}],"line":384},"26":{"loc":{"start":{"line":389,"column":6},"end":{"line":391,"column":null}},"type":"if","locations":[{"start":{"line":389,"column":6},"end":{"line":391,"column":null}},{"start":{},"end":{}}],"line":389},"27":{"loc":{"start":{"line":389,"column":10},"end":{"line":389,"column":56}},"type":"binary-expr","locations":[{"start":{"line":389,"column":10},"end":{"line":389,"column":35}},{"start":{"line":389,"column":35},"end":{"line":389,"column":56}}],"line":389},"28":{"loc":{"start":{"line":395,"column":4},"end":{"line":402,"column":null}},"type":"if","locations":[{"start":{"line":395,"column":4},"end":{"line":402,"column":null}},{"start":{},"end":{}}],"line":395}},"s":{"0":1,"1":1,"2":1,"3":1,"4":1,"5":1,"6":1,"7":1,"8":1,"9":1,"10":1,"11":1,"12":0,"13":1,"14":0,"15":0,"16":0,"17":0,"18":0,"19":0,"20":0,"21":0,"22":0,"23":0,"24":0,"25":0,"26":0,"27":0,"28":0,"29":0,"30":0,"31":0,"32":1,"33":0,"34":0,"35":0,"36":1,"37":0,"38":0,"39":0,"40":0,"41":1,"42":0,"43":1,"44":9,"45":0,"46":9,"47":0,"48":1,"49":8,"50":0,"51":0,"52":0,"53":0,"54":0,"55":0,"56":0,"57":1,"58":0,"59":1,"60":1,"61":1,"62":2,"63":2,"64":2,"65":2,"66":2,"67":4,"68":1,"69":3,"70":2,"71":0,"72":2},"f":{"0":1,"1":1,"2":0,"3":0,"4":0,"5":0,"6":0,"7":0,"8":0,"9":0,"10":0,"11":9,"12":0,"13":9,"14":0,"15":1,"16":8,"17":0,"18":0,"19":0,"20":0,"21":0,"22":0,"23":0,"24":1,"25":2,"26":4},"b":{"0":[0,1],"1":[0,0],"2":[0,0],"3":[0,0],"4":[0,0],"5":[0,0],"6":[0,0],"7":[0,1],"8":[1,0],"9":[0,0],"10":[0,9],"11":[0,9],"12":[1,8],"13":[1,8],"14":[1,0],"15":[0,1],"16":[1,1,1],"17":[0,1],"18":[0,1],"19":[0,1],"20":[1,0],"21":[1,1],"22":[0,1],"23":[0,1],"24":[2,2],"25":[0,2],"26":[1,3],"27":[4,1],"28":[0,2]},"meta":{"lastBranch":29,"lastFunction":27,"lastStatement":73,"seen":{"s:9:14:19:Infinity":0,"s:22:18:32:Infinity":1,"s:35:22:44:Infinity":2,"f:58:24:58:33":0,"s:59:38:59:Infinity":3,"s:60:30:62:Infinity":4,"s:63:32:63:Infinity":5,"s:64:32:64:Infinity":6,"s:65:30:65:Infinity":7,"s:66:32:66:Infinity":8,"s:67:8:67:Infinity":9,"s:69:2:73:Infinity":10,"f:69:12:69:18":1,"b:70:4:72:Infinity:undefined:undefined:undefined:undefined":0,"s:70:4:72:Infinity":11,"s:71:6:71:Infinity":12,"s:76:8:103:Infinity":13,"f:76:34:76:41":2,"s:77:10:77:Infinity":14,"b:77:21:77:29:77:29:77:40":1,"b:78:4:78:Infinity:undefined:undefined:undefined:undefined":2,"s:78:4:78:Infinity":15,"b:78:8:78:20:78:20:78:31":3,"s:78:31:78:Infinity":16,"s:80:20:80:Infinity":17,"s:81:4:81:Infinity":18,"f:81:16:81:17":3,"s:81:26:81:44":19,"s:82:4:82:Infinity":20,"s:83:4:83:Infinity":21,"s:85:4:102:Infinity":22,"s:86:18:90:Infinity":23,"b:92:6:92:Infinity:undefined:undefined:undefined:undefined":4,"s:92:6:92:Infinity":24,"s:92:19:92:Infinity":25,"s:93:19:93:Infinity":26,"s:94:6:94:Infinity":27,"f:94:18:94:19":4,"s:94:28:94:92":28,"s:96:6:99:Infinity":29,"f:96:18:96:19":5,"s:96:28:99:7":30,"s:101:6:101:Infinity":31,"s:106:24:111:Infinity":32,"f:106:24:106:25":6,"b:107:4:110:Infinity:undefined:undefined:undefined:undefined":5,"s:107:4:110:Infinity":33,"b:107:8:107:29:107:29:107:42":6,"s:108:6:108:Infinity":34,"s:109:6:109:Infinity":35,"s:114:23:120:Infinity":36,"f:114:23:114:24":7,"s:115:4:115:Infinity":37,"f:115:17:115:18":8,"s:115:24:115:46":38,"s:116:4:119:Infinity":39,"f:116:16:116:17":9,"s:116:26:119:5":40,"s:123:19:123:Infinity":41,"b:123:34:123:77:123:77:123:Infinity":7,"f:123:45:123:46":10,"s:123:52:123:73":42,"s:125:2:367:Infinity":43,"b:142:13:142:Infinity:143:14:145:Infinity":8,"f:158:25:158:26":11,"s:159:16:180:Infinity":44,"f:159:42:159:48":12,"s:159:48:159:Infinity":45,"b:159:91:159:98:159:98:159:105":9,"b:161:74:161:101:161:101:161:103":10,"b:165:60:165:66:165:66:165:Infinity":11,"b:172:52:172:59:172:59:172:Infinity":12,"b:178:43:178:55:178:55:178:Infinity":13,"f:184:29:184:30":13,"s:185:16:195:Infinity":46,"b:217:11:217:Infinity:218:12:229:Infinity":14,"f:240:24:240:25":14,"s:240:31:240:Infinity":47,"f:263:28:263:29":15,"s:264:16:280:Infinity":48,"b:266:81:266:90:266:90:266:94":15,"b:269:19:269:33:269:33:269:Infinity:270:20:278:Infinity":16,"b:274:55:274:84:274:84:274:Infinity":17,"b:277:49:277:66:277:66:277:Infinity":18,"b:277:95:277:112:277:112:277:Infinity":19,"b:282:15:282:Infinity:283:16:287:Infinity":20,"f:293:33:293:34":16,"s:294:16:301:Infinity":49,"f:297:27:297:33":17,"s:297:33:297:Infinity":50,"f:309:26:309:27":18,"s:309:33:309:Infinity":51,"f:317:25:317:31":19,"s:317:31:317:Infinity":52,"b:318:26:318:39:318:39:318:Infinity":21,"b:347:16:347:Infinity:348:16:348:Infinity":22,"f:352:65:352:71":20,"s:352:71:352:109":53,"f:355:65:355:71":21,"s:355:71:355:117":54,"f:358:65:358:71":22,"s:358:71:358:110":55,"f:361:65:361:71":23,"s:361:71:361:112":56,"f:376:9:376:27":24,"b:377:2:377:Infinity:undefined:undefined:undefined:undefined":23,"s:377:2:377:Infinity":57,"s:377:16:377:Infinity":58,"s:378:15:378:Infinity":59,"s:379:16:379:Infinity":60,"s:380:2:409:Infinity":61,"f:380:19:380:20":25,"s:382:20:382:Infinity":62,"s:383:21:383:Infinity":63,"b:383:21:383:49:383:49:383:Infinity":24,"s:384:22:384:Infinity":64,"b:384:33:384:56:384:56:384:Infinity":25,"s:387:18:387:Infinity":65,"s:388:20:393:Infinity":66,"f:388:30:388:31":26,"b:389:6:391:Infinity:undefined:undefined:undefined:undefined":26,"s:389:6:391:Infinity":67,"b:389:10:389:35:389:35:389:56":27,"s:390:8:390:Infinity":68,"s:392:6:392:Infinity":69,"b:395:4:402:Infinity:undefined:undefined:undefined:undefined":28,"s:395:4:402:Infinity":70,"s:396:6:400:Infinity":71,"s:404:4:407:Infinity":72},"fnNames":{}}}
,"C:\\Users\\Manas Singh\\Desktop\\Hackthon\\Gen Ai Google\\frontend\\src\\components\\OpsCommand.jsx": {"path":"C:\\Users\\Manas Singh\\Desktop\\Hackthon\\Gen Ai Google\\frontend\\src\\components\\OpsCommand.jsx","statementMap":{"0":{"start":{"line":8,"column":22},"end":{"line":18,"column":null}},"1":{"start":{"line":21,"column":27},"end":{"line":28,"column":null}},"2":{"start":{"line":31,"column":19},"end":{"line":37,"column":null}},"3":{"start":{"line":53,"column":38},"end":{"line":53,"column":null}},"4":{"start":{"line":54,"column":38},"end":{"line":54,"column":null}},"5":{"start":{"line":55,"column":44},"end":{"line":55,"column":null}},"6":{"start":{"line":58,"column":40},"end":{"line":58,"column":null}},"7":{"start":{"line":59,"column":38},"end":{"line":59,"column":null}},"8":{"start":{"line":60,"column":46},"end":{"line":60,"column":null}},"9":{"start":{"line":63,"column":36},"end":{"line":63,"column":null}},"10":{"start":{"line":66,"column":25},"end":{"line":75,"column":null}},"11":{"start":{"line":67,"column":19},"end":{"line":67,"column":null}},"12":{"start":{"line":68,"column":4},"end":{"line":74,"column":null}},"13":{"start":{"line":69,"column":6},"end":{"line":73,"column":null}},"14":{"start":{"line":70,"column":8},"end":{"line":72,"column":null}},"15":{"start":{"line":78,"column":8},"end":{"line":108,"column":null}},"16":{"start":{"line":79,"column":17},"end":{"line":79,"column":null}},"17":{"start":{"line":80,"column":4},"end":{"line":80,"column":null}},"18":{"start":{"line":80,"column":34},"end":{"line":80,"column":null}},"19":{"start":{"line":82,"column":4},"end":{"line":82,"column":null}},"20":{"start":{"line":83,"column":4},"end":{"line":83,"column":null}},"21":{"start":{"line":85,"column":4},"end":{"line":107,"column":null}},"22":{"start":{"line":86,"column":18},"end":{"line":90,"column":null}},"23":{"start":{"line":92,"column":6},"end":{"line":92,"column":null}},"24":{"start":{"line":92,"column":19},"end":{"line":92,"column":null}},"25":{"start":{"line":93,"column":19},"end":{"line":93,"column":null}},"26":{"start":{"line":94,"column":6},"end":{"line":94,"column":null}},"27":{"start":{"line":96,"column":6},"end":{"line":104,"column":null}},"28":{"start":{"line":106,"column":6},"end":{"line":106,"column":null}},"29":{"start":{"line":111,"column":8},"end":{"line":133,"column":null}},"30":{"start":{"line":112,"column":17},"end":{"line":112,"column":null}},"31":{"start":{"line":113,"column":4},"end":{"line":113,"column":null}},"32":{"start":{"line":113,"column":35},"end":{"line":113,"column":null}},"33":{"start":{"line":115,"column":4},"end":{"line":115,"column":null}},"34":{"start":{"line":116,"column":4},"end":{"line":116,"column":null}},"35":{"start":{"line":118,"column":4},"end":{"line":132,"column":null}},"36":{"start":{"line":119,"column":18},"end":{"line":123,"column":null}},"37":{"start":{"line":125,"column":6},"end":{"line":125,"column":null}},"38":{"start":{"line":125,"column":19},"end":{"line":125,"column":null}},"39":{"start":{"line":126,"column":19},"end":{"line":126,"column":null}},"40":{"start":{"line":127,"column":6},"end":{"line":127,"column":null}},"41":{"start":{"line":129,"column":6},"end":{"line":129,"column":null}},"42":{"start":{"line":131,"column":6},"end":{"line":131,"column":null}},"43":{"start":{"line":136,"column":20},"end":{"line":136,"column":null}},"44":{"start":{"line":136,"column":31},"end":{"line":136,"column":null}},"45":{"start":{"line":138,"column":2},"end":{"line":385,"column":null}},"46":{"start":{"line":177,"column":16},"end":{"line":196,"column":null}},"47":{"start":{"line":227,"column":14},"end":{"line":233,"column":null}},"48":{"start":{"line":230,"column":31},"end":{"line":230,"column":null}},"49":{"start":{"line":240,"column":29},"end":{"line":240,"column":null}},"50":{"start":{"line":267,"column":22},"end":{"line":267,"column":null}},"51":{"start":{"line":279,"column":22},"end":{"line":279,"column":null}},"52":{"start":{"line":291,"column":22},"end":{"line":311,"column":null}},"53":{"start":{"line":343,"column":29},"end":{"line":343,"column":null}},"54":{"start":{"line":362,"column":16},"end":{"line":367,"column":null}}},"fnMap":{"0":{"name":"OpsCommand","decl":{"start":{"line":51,"column":24},"end":{"line":51,"column":37}},"loc":{"start":{"line":51,"column":37},"end":{"line":387,"column":null}},"line":51},"1":{"name":"(anonymous_1)","decl":{"start":{"line":66,"column":25},"end":{"line":66,"column":31}},"loc":{"start":{"line":66,"column":31},"end":{"line":75,"column":null}},"line":66},"2":{"name":"(anonymous_2)","decl":{"start":{"line":68,"column":19},"end":{"line":68,"column":20}},"loc":{"start":{"line":69,"column":6},"end":{"line":73,"column":null}},"line":69},"3":{"name":"(anonymous_3)","decl":{"start":{"line":69,"column":15},"end":{"line":69,"column":16}},"loc":{"start":{"line":70,"column":8},"end":{"line":72,"column":null}},"line":70},"4":{"name":"(anonymous_4)","decl":{"start":{"line":78,"column":37},"end":{"line":78,"column":49}},"loc":{"start":{"line":78,"column":49},"end":{"line":108,"column":5}},"line":78},"5":{"name":"(anonymous_5)","decl":{"start":{"line":111,"column":40},"end":{"line":111,"column":52}},"loc":{"start":{"line":111,"column":52},"end":{"line":133,"column":5}},"line":111},"6":{"name":"(anonymous_6)","decl":{"start":{"line":136,"column":20},"end":{"line":136,"column":21}},"loc":{"start":{"line":136,"column":31},"end":{"line":136,"column":null}},"line":136},"7":{"name":"(anonymous_7)","decl":{"start":{"line":176,"column":31},"end":{"line":176,"column":32}},"loc":{"start":{"line":177,"column":16},"end":{"line":196,"column":null}},"line":177},"8":{"name":"(anonymous_8)","decl":{"start":{"line":226,"column":36},"end":{"line":226,"column":37}},"loc":{"start":{"line":227,"column":14},"end":{"line":233,"column":null}},"line":227},"9":{"name":"(anonymous_9)","decl":{"start":{"line":230,"column":25},"end":{"line":230,"column":31}},"loc":{"start":{"line":230,"column":31},"end":{"line":230,"column":null}},"line":230},"10":{"name":"(anonymous_10)","decl":{"start":{"line":240,"column":22},"end":{"line":240,"column":23}},"loc":{"start":{"line":240,"column":29},"end":{"line":240,"column":null}},"line":240},"11":{"name":"(anonymous_11)","decl":{"start":{"line":266,"column":55},"end":{"line":266,"column":56}},"loc":{"start":{"line":267,"column":22},"end":{"line":267,"column":null}},"line":267},"12":{"name":"(anonymous_12)","decl":{"start":{"line":278,"column":52},"end":{"line":278,"column":53}},"loc":{"start":{"line":279,"column":22},"end":{"line":279,"column":null}},"line":279},"13":{"name":"(anonymous_13)","decl":{"start":{"line":290,"column":49},"end":{"line":290,"column":50}},"loc":{"start":{"line":291,"column":22},"end":{"line":311,"column":null}},"line":291},"14":{"name":"(anonymous_14)","decl":{"start":{"line":343,"column":22},"end":{"line":343,"column":23}},"loc":{"start":{"line":343,"column":29},"end":{"line":343,"column":null}},"line":343},"15":{"name":"(anonymous_15)","decl":{"start":{"line":361,"column":48},"end":{"line":361,"column":49}},"loc":{"start":{"line":362,"column":16},"end":{"line":367,"column":null}},"line":362}},"branchMap":{"0":{"loc":{"start":{"line":70,"column":8},"end":{"line":72,"column":null}},"type":"cond-expr","locations":[{"start":{"line":71,"column":12},"end":{"line":71,"column":null}},{"start":{"line":72,"column":12},"end":{"line":72,"column":null}}],"line":70},"1":{"loc":{"start":{"line":80,"column":4},"end":{"line":80,"column":null}},"type":"if","locations":[{"start":{"line":80,"column":4},"end":{"line":80,"column":null}},{"start":{},"end":{}}],"line":80},"2":{"loc":{"start":{"line":80,"column":8},"end":{"line":80,"column":34}},"type":"binary-expr","locations":[{"start":{"line":80,"column":8},"end":{"line":80,"column":17}},{"start":{"line":80,"column":17},"end":{"line":80,"column":34}}],"line":80},"3":{"loc":{"start":{"line":92,"column":6},"end":{"line":92,"column":null}},"type":"if","locations":[{"start":{"line":92,"column":6},"end":{"line":92,"column":null}},{"start":{},"end":{}}],"line":92},"4":{"loc":{"start":{"line":113,"column":4},"end":{"line":113,"column":null}},"type":"if","locations":[{"start":{"line":113,"column":4},"end":{"line":113,"column":null}},{"start":{},"end":{}}],"line":113},"5":{"loc":{"start":{"line":113,"column":8},"end":{"line":113,"column":35}},"type":"binary-expr","locations":[{"start":{"line":113,"column":8},"end":{"line":113,"column":17}},{"start":{"line":113,"column":17},"end":{"line":113,"column":35}}],"line":113},"6":{"loc":{"start":{"line":125,"column":6},"end":{"line":125,"column":null}},"type":"if","locations":[{"start":{"line":125,"column":6},"end":{"line":125,"column":null}},{"start":{},"end":{}}],"line":125},"7":{"loc":{"start":{"line":232,"column":17},"end":{"line":232,"column":null}},"type":"cond-expr","locations":[{"start":{"line":232,"column":36},"end":{"line":232,"column":62}},{"start":{"line":232,"column":62},"end":{"line":232,"column":null}}],"line":232},"8":{"loc":{"start":{"line":249,"column":22},"end":{"line":249,"column":null}},"type":"binary-expr","locations":[{"start":{"line":249,"column":22},"end":{"line":249,"column":41}},{"start":{"line":249,"column":41},"end":{"line":249,"column":null}}],"line":249},"9":{"loc":{"start":{"line":251,"column":13},"end":{"line":251,"column":null}},"type":"cond-expr","locations":[{"start":{"line":251,"column":31},"end":{"line":251,"column":54}},{"start":{"line":251,"column":54},"end":{"line":251,"column":null}}],"line":251},"10":{"loc":{"start":{"line":255,"column":11},"end":{"line":329,"column":null}},"type":"binary-expr","locations":[{"start":{"line":255,"column":11},"end":{"line":255,"column":null}},{"start":{"line":256,"column":12},"end":{"line":329,"column":null}}],"line":255},"11":{"loc":{"start":{"line":257,"column":82},"end":{"line":257,"column":115}},"type":"binary-expr","locations":[{"start":{"line":257,"column":82},"end":{"line":257,"column":107}},{"start":{"line":257,"column":107},"end":{"line":257,"column":115}}],"line":257},"12":{"loc":{"start":{"line":258,"column":19},"end":{"line":258,"column":53}},"type":"binary-expr","locations":[{"start":{"line":258,"column":19},"end":{"line":258,"column":44}},{"start":{"line":258,"column":44},"end":{"line":258,"column":53}}],"line":258},"13":{"loc":{"start":{"line":262,"column":15},"end":{"line":270,"column":null}},"type":"binary-expr","locations":[{"start":{"line":262,"column":15},"end":{"line":262,"column":null}},{"start":{"line":263,"column":16},"end":{"line":270,"column":null}}],"line":262},"14":{"loc":{"start":{"line":274,"column":15},"end":{"line":282,"column":null}},"type":"binary-expr","locations":[{"start":{"line":274,"column":15},"end":{"line":274,"column":null}},{"start":{"line":275,"column":16},"end":{"line":282,"column":null}}],"line":274},"15":{"loc":{"start":{"line":286,"column":15},"end":{"line":314,"column":null}},"type":"binary-expr","locations":[{"start":{"line":286,"column":15},"end":{"line":286,"column":null}},{"start":{"line":287,"column":16},"end":{"line":314,"column":null}}],"line":286},"16":{"loc":{"start":{"line":301,"column":40},"end":{"line":303,"column":null}},"type":"cond-expr","locations":[{"start":{"line":302,"column":32},"end":{"line":302,"column":null}},{"start":{"line":303,"column":32},"end":{"line":303,"column":null}}],"line":301},"17":{"loc":{"start":{"line":301,"column":40},"end":{"line":301,"column":null}},"type":"binary-expr","locations":[{"start":{"line":301,"column":40},"end":{"line":301,"column":72}},{"start":{"line":301,"column":72},"end":{"line":301,"column":null}}],"line":301},"18":{"loc":{"start":{"line":304,"column":35},"end":{"line":306,"column":null}},"type":"cond-expr","locations":[{"start":{"line":305,"column":32},"end":{"line":305,"column":null}},{"start":{"line":306,"column":32},"end":{"line":306,"column":null}}],"line":304},"19":{"loc":{"start":{"line":304,"column":35},"end":{"line":304,"column":null}},"type":"binary-expr","locations":[{"start":{"line":304,"column":35},"end":{"line":304,"column":67}},{"start":{"line":304,"column":67},"end":{"line":304,"column":null}}],"line":304},"20":{"loc":{"start":{"line":352,"column":22},"end":{"line":352,"column":null}},"type":"binary-expr","locations":[{"start":{"line":352,"column":22},"end":{"line":352,"column":42}},{"start":{"line":352,"column":42},"end":{"line":352,"column":null}}],"line":352},"21":{"loc":{"start":{"line":355,"column":13},"end":{"line":355,"column":null}},"type":"cond-expr","locations":[{"start":{"line":355,"column":32},"end":{"line":355,"column":51}},{"start":{"line":355,"column":51},"end":{"line":355,"column":null}}],"line":355},"22":{"loc":{"start":{"line":359,"column":11},"end":{"line":369,"column":null}},"type":"binary-expr","locations":[{"start":{"line":359,"column":11},"end":{"line":359,"column":27}},{"start":{"line":359,"column":27},"end":{"line":359,"column":null}},{"start":{"line":360,"column":12},"end":{"line":369,"column":null}}],"line":359},"23":{"loc":{"start":{"line":364,"column":21},"end":{"line":364,"column":null}},"type":"binary-expr","locations":[{"start":{"line":364,"column":21},"end":{"line":364,"column":41}},{"start":{"line":364,"column":41},"end":{"line":364,"column":null}}],"line":364},"24":{"loc":{"start":{"line":372,"column":11},"end":{"line":381,"column":null}},"type":"binary-expr","locations":[{"start":{"line":372,"column":11},"end":{"line":372,"column":null}},{"start":{"line":373,"column":12},"end":{"line":381,"column":null}}],"line":372}},"s":{"0":1,"1":1,"2":1,"3":1,"4":1,"5":1,"6":1,"7":1,"8":1,"9":1,"10":1,"11":0,"12":0,"13":0,"14":0,"15":1,"16":0,"17":0,"18":0,"19":0,"20":0,"21":0,"22":0,"23":0,"24":0,"25":0,"26":0,"27":0,"28":0,"29":1,"30":0,"31":0,"32":0,"33":0,"34":0,"35":0,"36":0,"37":0,"38":0,"39":0,"40":0,"41":0,"42":0,"43":1,"44":9,"45":1,"46":9,"47":6,"48":0,"49":0,"50":0,"51":0,"52":0,"53":0,"54":0},"f":{"0":1,"1":0,"2":0,"3":0,"4":0,"5":0,"6":9,"7":9,"8":6,"9":0,"10":0,"11":0,"12":0,"13":0,"14":0,"15":0},"b":{"0":[0,0],"1":[0,0],"2":[0,0],"3":[0,0],"4":[0,0],"5":[0,0],"6":[0,0],"7":[6,0],"8":[1,1],"9":[0,1],"10":[1,0],"11":[0,0],"12":[0,0],"13":[0,0],"14":[0,0],"15":[0,0],"16":[0,0],"17":[0,0],"18":[0,0],"19":[0,0],"20":[1,1],"21":[0,1],"22":[1,0,0],"23":[0,0],"24":[1,0]},"meta":{"lastBranch":25,"lastFunction":16,"lastStatement":55,"seen":{"s:8:22:18:Infinity":0,"s:21:27:28:Infinity":1,"s:31:19:37:Infinity":2,"f:51:24:51:37":0,"s:53:38:53:Infinity":3,"s:54:38:54:Infinity":4,"s:55:44:55:Infinity":5,"s:58:40:58:Infinity":6,"s:59:38:59:Infinity":7,"s:60:46:60:Infinity":8,"s:63:36:63:Infinity":9,"s:66:25:75:Infinity":10,"f:66:25:66:31":1,"s:67:19:67:Infinity":11,"s:68:4:74:Infinity":12,"f:68:19:68:20":2,"s:69:6:73:Infinity":13,"f:69:15:69:16":3,"s:70:8:72:Infinity":14,"b:71:12:71:Infinity:72:12:72:Infinity":0,"s:78:8:108:Infinity":15,"f:78:37:78:49":4,"s:79:17:79:Infinity":16,"b:80:4:80:Infinity:undefined:undefined:undefined:undefined":1,"s:80:4:80:Infinity":17,"b:80:8:80:17:80:17:80:34":2,"s:80:34:80:Infinity":18,"s:82:4:82:Infinity":19,"s:83:4:83:Infinity":20,"s:85:4:107:Infinity":21,"s:86:18:90:Infinity":22,"b:92:6:92:Infinity:undefined:undefined:undefined:undefined":3,"s:92:6:92:Infinity":23,"s:92:19:92:Infinity":24,"s:93:19:93:Infinity":25,"s:94:6:94:Infinity":26,"s:96:6:104:Infinity":27,"s:106:6:106:Infinity":28,"s:111:8:133:Infinity":29,"f:111:40:111:52":5,"s:112:17:112:Infinity":30,"b:113:4:113:Infinity:undefined:undefined:undefined:undefined":4,"s:113:4:113:Infinity":31,"b:113:8:113:17:113:17:113:35":5,"s:113:35:113:Infinity":32,"s:115:4:115:Infinity":33,"s:116:4:116:Infinity":34,"s:118:4:132:Infinity":35,"s:119:18:123:Infinity":36,"b:125:6:125:Infinity:undefined:undefined:undefined:undefined":6,"s:125:6:125:Infinity":37,"s:125:19:125:Infinity":38,"s:126:19:126:Infinity":39,"s:127:6:127:Infinity":40,"s:129:6:129:Infinity":41,"s:131:6:131:Infinity":42,"s:136:20:136:Infinity":43,"f:136:20:136:21":6,"s:136:31:136:Infinity":44,"s:138:2:385:Infinity":45,"f:176:31:176:32":7,"s:177:16:196:Infinity":46,"f:226:36:226:37":8,"s:227:14:233:Infinity":47,"f:230:25:230:31":9,"s:230:31:230:Infinity":48,"b:232:36:232:62:232:62:232:Infinity":7,"f:240:22:240:23":10,"s:240:29:240:Infinity":49,"b:249:22:249:41:249:41:249:Infinity":8,"b:251:31:251:54:251:54:251:Infinity":9,"b:255:11:255:Infinity:256:12:329:Infinity":10,"b:257:82:257:107:257:107:257:115":11,"b:258:19:258:44:258:44:258:53":12,"b:262:15:262:Infinity:263:16:270:Infinity":13,"f:266:55:266:56":11,"s:267:22:267:Infinity":50,"b:274:15:274:Infinity:275:16:282:Infinity":14,"f:278:52:278:53":12,"s:279:22:279:Infinity":51,"b:286:15:286:Infinity:287:16:314:Infinity":15,"f:290:49:290:50":13,"s:291:22:311:Infinity":52,"b:302:32:302:Infinity:303:32:303:Infinity":16,"b:301:40:301:72:301:72:301:Infinity":17,"b:305:32:305:Infinity:306:32:306:Infinity":18,"b:304:35:304:67:304:67:304:Infinity":19,"f:343:22:343:23":14,"s:343:29:343:Infinity":53,"b:352:22:352:42:352:42:352:Infinity":20,"b:355:32:355:51:355:51:355:Infinity":21,"b:359:11:359:27:359:27:359:Infinity:360:12:369:Infinity":22,"f:361:48:361:49":15,"s:362:16:367:Infinity":54,"b:364:21:364:41:364:41:364:Infinity":23,"b:372:11:372:Infinity:373:12:381:Infinity":24},"fnNames":{}}}
,"C:\\Users\\Manas Singh\\Desktop\\Hackthon\\Gen Ai Google\\frontend\\src\\components\\Sidebar.jsx": {"path":"C:\\Users\\Manas Singh\\Desktop\\Hackthon\\Gen Ai Google\\frontend\\src\\components\\Sidebar.jsx","statementMap":{"0":{"start":{"line":8,"column":16},"end":{"line":12,"column":null}},"1":{"start":{"line":14,"column":2},"end":{"line":47,"column":null}},"2":{"start":{"line":25,"column":10},"end":{"line":33,"column":null}},"3":{"start":{"line":28,"column":27},"end":{"line":28,"column":null}}},"fnMap":{"0":{"name":"Sidebar","decl":{"start":{"line":7,"column":24},"end":{"line":7,"column":32}},"loc":{"start":{"line":7,"column":68},"end":{"line":49,"column":null}},"line":7},"1":{"name":"(anonymous_1)","decl":{"start":{"line":24,"column":19},"end":{"line":24,"column":20}},"loc":{"start":{"line":25,"column":10},"end":{"line":33,"column":null}},"line":25},"2":{"name":"(anonymous_2)","decl":{"start":{"line":28,"column":21},"end":{"line":28,"column":27}},"loc":{"start":{"line":28,"column":27},"end":{"line":28,"column":null}},"line":28}},"branchMap":{"0":{"loc":{"start":{"line":15,"column":33},"end":{"line":15,"column":62}},"type":"cond-expr","locations":[{"start":{"line":15,"column":42},"end":{"line":15,"column":60}},{"start":{"line":15,"column":60},"end":{"line":15,"column":62}}],"line":15},"1":{"loc":{"start":{"line":27,"column":40},"end":{"line":27,"column":93}},"type":"cond-expr","locations":[{"start":{"line":27,"column":65},"end":{"line":27,"column":91}},{"start":{"line":27,"column":91},"end":{"line":27,"column":93}}],"line":27},"2":{"loc":{"start":{"line":29,"column":26},"end":{"line":29,"column":null}},"type":"cond-expr","locations":[{"start":{"line":29,"column":51},"end":{"line":29,"column":60}},{"start":{"line":29,"column":60},"end":{"line":29,"column":null}}],"line":29}},"s":{"0":5,"1":5,"2":15,"3":2},"f":{"0":5,"1":15,"2":2},"b":{"0":[0,5],"1":[5,10],"2":[5,10]},"meta":{"lastBranch":3,"lastFunction":3,"lastStatement":4,"seen":{"f:7:24:7:32":0,"s:8:16:12:Infinity":0,"s:14:2:47:Infinity":1,"b:15:42:15:60:15:60:15:62":0,"f:24:19:24:20":1,"s:25:10:33:Infinity":2,"b:27:65:27:91:27:91:27:93":1,"f:28:21:28:27":2,"s:28:27:28:Infinity":3,"b:29:51:29:60:29:60:29:Infinity":2},"fnNames":{}}}
}
