{"C:\\Users\\Manas Singh\\Desktop\\Hackthon\\Gen Ai Google\\backend\\server.js": {"path":"C:\\Users\\Manas Singh\\Desktop\\Hackthon\\Gen Ai Google\\backend\\server.js","statementMap":{"0":{"start":{"line":14,"column":0},"end":{"line":14,"column":27}},"1":{"start":{"line":16,"column":16},"end":{"line":16,"column":34}},"2":{"start":{"line":17,"column":13},"end":{"line":17,"column":28}},"3":{"start":{"line":18,"column":15},"end":{"line":18,"column":32}},"4":{"start":{"line":19,"column":18},"end":{"line":19,"column":47}},"5":{"start":{"line":20,"column":20},"end":{"line":20,"column":42}},"6":{"start":{"line":31,"column":23},"end":{"line":31,"column":64}},"7":{"start":{"line":33,"column":25},"end":{"line":37,"column":1}},"8":{"start":{"line":40,"column":18},"end":{"line":40,"column":37}},"9":{"start":{"line":43,"column":18},"end":{"line":43,"column":23}},"10":{"start":{"line":46,"column":12},"end":{"line":46,"column":16}},"11":{"start":{"line":58,"column":2},"end":{"line":58,"column":60}},"12":{"start":{"line":58,"column":14},"end":{"line":58,"column":60}},"13":{"start":{"line":60,"column":17},"end":{"line":60,"column":19}},"14":{"start":{"line":61,"column":2},"end":{"line":63,"column":3}},"15":{"start":{"line":62,"column":4},"end":{"line":62,"column":49}},"16":{"start":{"line":66,"column":21},"end":{"line":66,"column":58}},"17":{"start":{"line":67,"column":30},"end":{"line":70,"column":3}},"18":{"start":{"line":72,"column":16},"end":{"line":72,"column":20}},"19":{"start":{"line":73,"column":2},"end":{"line":92,"column":3}},"20":{"start":{"line":74,"column":4},"end":{"line":91,"column":5}},"21":{"start":{"line":75,"column":23},"end":{"line":79,"column":8}},"22":{"start":{"line":81,"column":19},"end":{"line":81,"column":32}},"23":{"start":{"line":82,"column":6},"end":{"line":86,"column":7}},"24":{"start":{"line":84,"column":8},"end":{"line":84,"column":32}},"25":{"start":{"line":85,"column":8},"end":{"line":85,"column":20}},"26":{"start":{"line":88,"column":6},"end":{"line":88,"column":20}},"27":{"start":{"line":90,"column":6},"end":{"line":90,"column":96}},"28":{"start":{"line":94,"column":2},"end":{"line":94,"column":67}},"29":{"start":{"line":98,"column":0},"end":{"line":134,"column":1}},"30":{"start":{"line":99,"column":2},"end":{"line":99,"column":100}},"31":{"start":{"line":101,"column":2},"end":{"line":131,"column":3}},"32":{"start":{"line":102,"column":28},"end":{"line":102,"column":52}},"33":{"start":{"line":103,"column":4},"end":{"line":103,"column":56}},"34":{"start":{"line":105,"column":4},"end":{"line":127,"column":9}},"35":{"start":{"line":106,"column":6},"end":{"line":126,"column":7}},"36":{"start":{"line":107,"column":29},"end":{"line":107,"column":71}},"37":{"start":{"line":108,"column":8},"end":{"line":111,"column":9}},"38":{"start":{"line":109,"column":10},"end":{"line":109,"column":29}},"39":{"start":{"line":110,"column":10},"end":{"line":110,"column":85}},"40":{"start":{"line":113,"column":21},"end":{"line":113,"column":23}},"41":{"start":{"line":114,"column":8},"end":{"line":123,"column":22}},"42":{"start":{"line":115,"column":25},"end":{"line":115,"column":42}},"43":{"start":{"line":116,"column":10},"end":{"line":122,"column":11}},"44":{"start":{"line":117,"column":12},"end":{"line":117,"column":152}},"45":{"start":{"line":118,"column":17},"end":{"line":122,"column":11}},"46":{"start":{"line":119,"column":12},"end":{"line":119,"column":78}},"47":{"start":{"line":120,"column":17},"end":{"line":122,"column":11}},"48":{"start":{"line":121,"column":12},"end":{"line":121,"column":81}},"49":{"start":{"line":124,"column":8},"end":{"line":124,"column":107}},"50":{"start":{"line":125,"column":8},"end":{"line":125,"column":85}},"51":{"start":{"line":129,"column":4},"end":{"line":129,"column":78}},"52":{"start":{"line":130,"column":4},"end":{"line":130,"column":65}},"53":{"start":{"line":133,"column":2},"end":{"line":133,"column":84}},"54":{"start":{"line":137,"column":12},"end":{"line":137,"column":21}},"55":{"start":{"line":138,"column":13},"end":{"line":138,"column":51}},"56":{"start":{"line":139,"column":24},"end":{"line":139,"column":78}},"57":{"start":{"line":142,"column":0},"end":{"line":142,"column":23}},"58":{"start":{"line":143,"column":0},"end":{"line":143,"column":18}},"59":{"start":{"line":144,"column":0},"end":{"line":144,"column":43}},"60":{"start":{"line":145,"column":0},"end":{"line":145,"column":41}},"61":{"start":{"line":148,"column":16},"end":{"line":154,"column":2}},"62":{"start":{"line":155,"column":0},"end":{"line":155,"column":17}},"63":{"start":{"line":168,"column":2},"end":{"line":168,"column":41}},"64":{"start":{"line":168,"column":31},"end":{"line":168,"column":41}},"65":{"start":{"line":170,"column":2},"end":{"line":170,"column":82}},"66":{"start":{"line":178,"column":2},"end":{"line":180,"column":3}},"67":{"start":{"line":179,"column":4},"end":{"line":179,"column":72}},"68":{"start":{"line":181,"column":2},"end":{"line":181,"column":14}},"69":{"start":{"line":188,"column":18},"end":{"line":396,"column":1}},"70":{"start":{"line":196,"column":18},"end":{"line":196,"column":39}},"71":{"start":{"line":198,"column":22},"end":{"line":214,"column":5}},"72":{"start":{"line":217,"column":4},"end":{"line":217,"column":71}},"73":{"start":{"line":217,"column":49},"end":{"line":217,"column":71}},"74":{"start":{"line":218,"column":4},"end":{"line":218,"column":96}},"75":{"start":{"line":218,"column":74},"end":{"line":218,"column":96}},"76":{"start":{"line":219,"column":4},"end":{"line":219,"column":67}},"77":{"start":{"line":219,"column":44},"end":{"line":219,"column":67}},"78":{"start":{"line":220,"column":4},"end":{"line":220,"column":97}},"79":{"start":{"line":220,"column":72},"end":{"line":220,"column":97}},"80":{"start":{"line":221,"column":4},"end":{"line":221,"column":103}},"81":{"start":{"line":221,"column":72},"end":{"line":221,"column":103}},"82":{"start":{"line":222,"column":4},"end":{"line":222,"column":101}},"83":{"start":{"line":222,"column":74},"end":{"line":222,"column":101}},"84":{"start":{"line":223,"column":4},"end":{"line":223,"column":94}},"85":{"start":{"line":223,"column":69},"end":{"line":223,"column":94}},"86":{"start":{"line":224,"column":4},"end":{"line":224,"column":84}},"87":{"start":{"line":224,"column":61},"end":{"line":224,"column":84}},"88":{"start":{"line":227,"column":4},"end":{"line":227,"column":451}},"89":{"start":{"line":236,"column":18},"end":{"line":236,"column":40}},"90":{"start":{"line":238,"column":19},"end":{"line":238,"column":27}},"91":{"start":{"line":239,"column":27},"end":{"line":239,"column":29}},"92":{"start":{"line":240,"column":24},"end":{"line":240,"column":26}},"93":{"start":{"line":241,"column":21},"end":{"line":241,"column":23}},"94":{"start":{"line":242,"column":30},"end":{"line":242,"column":45}},"95":{"start":{"line":244,"column":4},"end":{"line":336,"column":5}},"96":{"start":{"line":245,"column":6},"end":{"line":245,"column":24}},"97":{"start":{"line":246,"column":6},"end":{"line":251,"column":8}},"98":{"start":{"line":252,"column":6},"end":{"line":256,"column":8}},"99":{"start":{"line":257,"column":6},"end":{"line":262,"column":8}},"100":{"start":{"line":263,"column":6},"end":{"line":263,"column":44}},"101":{"start":{"line":264,"column":11},"end":{"line":336,"column":5}},"102":{"start":{"line":265,"column":6},"end":{"line":265,"column":28}},"103":{"start":{"line":266,"column":6},"end":{"line":271,"column":8}},"104":{"start":{"line":272,"column":6},"end":{"line":275,"column":8}},"105":{"start":{"line":276,"column":6},"end":{"line":280,"column":8}},"106":{"start":{"line":281,"column":6},"end":{"line":281,"column":43}},"107":{"start":{"line":282,"column":11},"end":{"line":336,"column":5}},"108":{"start":{"line":283,"column":6},"end":{"line":283,"column":26}},"109":{"start":{"line":284,"column":6},"end":{"line":289,"column":8}},"110":{"start":{"line":290,"column":6},"end":{"line":293,"column":8}},"111":{"start":{"line":294,"column":6},"end":{"line":298,"column":8}},"112":{"start":{"line":299,"column":6},"end":{"line":299,"column":44}},"113":{"start":{"line":300,"column":11},"end":{"line":336,"column":5}},"114":{"start":{"line":301,"column":6},"end":{"line":301,"column":24}},"115":{"start":{"line":302,"column":6},"end":{"line":307,"column":8}},"116":{"start":{"line":308,"column":6},"end":{"line":312,"column":8}},"117":{"start":{"line":313,"column":6},"end":{"line":317,"column":8}},"118":{"start":{"line":318,"column":6},"end":{"line":318,"column":58}},"119":{"start":{"line":321,"column":6},"end":{"line":326,"column":8}},"120":{"start":{"line":327,"column":6},"end":{"line":330,"column":8}},"121":{"start":{"line":331,"column":6},"end":{"line":335,"column":8}},"122":{"start":{"line":338,"column":4},"end":{"line":347,"column":6}},"123":{"start":{"line":359,"column":20},"end":{"line":359,"column":62}},"124":{"start":{"line":360,"column":20},"end":{"line":360,"column":32}},"125":{"start":{"line":362,"column":21},"end":{"line":391,"column":6}},"126":{"start":{"line":363,"column":6},"end":{"line":379,"column":7}},"127":{"start":{"line":364,"column":27},"end":{"line":364,"column":48}},"128":{"start":{"line":365,"column":26},"end":{"line":365,"column":68}},"129":{"start":{"line":365,"column":43},"end":{"line":365,"column":61}},"130":{"start":{"line":366,"column":20},"end":{"line":368,"column":10}},"131":{"start":{"line":369,"column":8},"end":{"line":369,"column":32}},"132":{"start":{"line":370,"column":8},"end":{"line":376,"column":9}},"133":{"start":{"line":371,"column":23},"end":{"line":371,"column":39}},"134":{"start":{"line":372,"column":10},"end":{"line":375,"column":11}},"135":{"start":{"line":373,"column":12},"end":{"line":373,"column":60}},"136":{"start":{"line":374,"column":12},"end":{"line":374,"column":19}},"137":{"start":{"line":378,"column":8},"end":{"line":378,"column":86}},"138":{"start":{"line":382,"column":6},"end":{"line":390,"column":7}},"139":{"start":{"line":383,"column":8},"end":{"line":383,"column":131}},"140":{"start":{"line":384,"column":13},"end":{"line":390,"column":7}},"141":{"start":{"line":385,"column":8},"end":{"line":385,"column":133}},"142":{"start":{"line":386,"column":13},"end":{"line":390,"column":7}},"143":{"start":{"line":387,"column":8},"end":{"line":387,"column":122}},"144":{"start":{"line":388,"column":13},"end":{"line":390,"column":7}},"145":{"start":{"line":389,"column":8},"end":{"line":389,"column":131}},"146":{"start":{"line":393,"column":4},"end":{"line":393,"column":32}},"147":{"start":{"line":394,"column":4},"end":{"line":394,"column":19}},"148":{"start":{"line":408,"column":0},"end":{"line":474,"column":3}},"149":{"start":{"line":409,"column":2},"end":{"line":473,"column":3}},"150":{"start":{"line":410,"column":25},"end":{"line":410,"column":45}},"151":{"start":{"line":412,"column":4},"end":{"line":443,"column":5}},"152":{"start":{"line":413,"column":6},"end":{"line":442,"column":7}},"153":{"start":{"line":414,"column":29},"end":{"line":422,"column":50}},"154":{"start":{"line":424,"column":18},"end":{"line":424,"column":106}},"155":{"start":{"line":425,"column":8},"end":{"line":425,"column":82}},"156":{"start":{"line":427,"column":8},"end":{"line":439,"column":9}},"157":{"start":{"line":428,"column":25},"end":{"line":428,"column":40}},"158":{"start":{"line":429,"column":10},"end":{"line":429,"column":59}},"159":{"start":{"line":431,"column":10},"end":{"line":438,"column":13}},"160":{"start":{"line":441,"column":8},"end":{"line":441,"column":101}},"161":{"start":{"line":446,"column":17},"end":{"line":446,"column":38}},"162":{"start":{"line":447,"column":21},"end":{"line":451,"column":5}},"163":{"start":{"line":453,"column":4},"end":{"line":462,"column":7}},"164":{"start":{"line":464,"column":4},"end":{"line":464,"column":71}},"165":{"start":{"line":465,"column":4},"end":{"line":472,"column":7}},"166":{"start":{"line":479,"column":0},"end":{"line":486,"column":3}},"167":{"start":{"line":480,"column":2},"end":{"line":485,"column":5}},"168":{"start":{"line":493,"column":0},"end":{"line":527,"column":3}},"169":{"start":{"line":494,"column":2},"end":{"line":526,"column":3}},"170":{"start":{"line":495,"column":20},"end":{"line":495,"column":51}},"171":{"start":{"line":496,"column":21},"end":{"line":496,"column":60}},"172":{"start":{"line":498,"column":16},"end":{"line":498,"column":49}},"173":{"start":{"line":499,"column":4},"end":{"line":499,"column":57}},"174":{"start":{"line":499,"column":13},"end":{"line":499,"column":57}},"175":{"start":{"line":501,"column":4},"end":{"line":516,"column":5}},"176":{"start":{"line":502,"column":6},"end":{"line":515,"column":7}},"177":{"start":{"line":503,"column":29},"end":{"line":509,"column":91}},"178":{"start":{"line":511,"column":21},"end":{"line":511,"column":79}},"179":{"start":{"line":512,"column":8},"end":{"line":512,"column":59}},"180":{"start":{"line":514,"column":8},"end":{"line":514,"column":96}},"181":{"start":{"line":519,"column":18},"end":{"line":519,"column":51}},"182":{"start":{"line":520,"column":4},"end":{"line":520,"column":52}},"183":{"start":{"line":522,"column":4},"end":{"line":522,"column":66}},"184":{"start":{"line":524,"column":18},"end":{"line":524,"column":53}},"185":{"start":{"line":525,"column":4},"end":{"line":525,"column":61}},"186":{"start":{"line":534,"column":0},"end":{"line":581,"column":3}},"187":{"start":{"line":535,"column":2},"end":{"line":580,"column":3}},"188":{"start":{"line":536,"column":21},"end":{"line":536,"column":53}},"189":{"start":{"line":538,"column":16},"end":{"line":538,"column":51}},"190":{"start":{"line":539,"column":4},"end":{"line":539,"column":57}},"191":{"start":{"line":539,"column":13},"end":{"line":539,"column":57}},"192":{"start":{"line":541,"column":4},"end":{"line":571,"column":5}},"193":{"start":{"line":542,"column":6},"end":{"line":570,"column":7}},"194":{"start":{"line":543,"column":29},"end":{"line":554,"column":50}},"195":{"start":{"line":556,"column":19},"end":{"line":556,"column":81}},"196":{"start":{"line":557,"column":8},"end":{"line":557,"column":84}},"197":{"start":{"line":559,"column":8},"end":{"line":567,"column":9}},"198":{"start":{"line":560,"column":25},"end":{"line":560,"column":41}},"199":{"start":{"line":561,"column":10},"end":{"line":561,"column":62}},"200":{"start":{"line":563,"column":10},"end":{"line":566,"column":13}},"201":{"start":{"line":569,"column":8},"end":{"line":569,"column":111}},"202":{"start":{"line":574,"column":17},"end":{"line":574,"column":45}},"203":{"start":{"line":575,"column":4},"end":{"line":575,"column":51}},"204":{"start":{"line":577,"column":4},"end":{"line":577,"column":81}},"205":{"start":{"line":578,"column":17},"end":{"line":578,"column":51}},"206":{"start":{"line":579,"column":4},"end":{"line":579,"column":60}},"207":{"start":{"line":588,"column":0},"end":{"line":625,"column":3}},"208":{"start":{"line":589,"column":2},"end":{"line":624,"column":3}},"209":{"start":{"line":590,"column":17},"end":{"line":590,"column":45}},"210":{"start":{"line":592,"column":16},"end":{"line":592,"column":43}},"211":{"start":{"line":593,"column":4},"end":{"line":593,"column":57}},"212":{"start":{"line":593,"column":13},"end":{"line":593,"column":57}},"213":{"start":{"line":595,"column":4},"end":{"line":615,"column":5}},"214":{"start":{"line":596,"column":6},"end":{"line":614,"column":7}},"215":{"start":{"line":597,"column":29},"end":{"line":601,"column":32}},"216":{"start":{"line":603,"column":18},"end":{"line":603,"column":73}},"217":{"start":{"line":604,"column":8},"end":{"line":604,"column":82}},"218":{"start":{"line":606,"column":8},"end":{"line":611,"column":9}},"219":{"start":{"line":607,"column":31},"end":{"line":607,"column":46}},"220":{"start":{"line":608,"column":10},"end":{"line":608,"column":62}},"221":{"start":{"line":610,"column":10},"end":{"line":610,"column":81}},"222":{"start":{"line":613,"column":8},"end":{"line":613,"column":112}},"223":{"start":{"line":618,"column":25},"end":{"line":618,"column":56}},"224":{"start":{"line":619,"column":4},"end":{"line":619,"column":59}},"225":{"start":{"line":621,"column":4},"end":{"line":621,"column":82}},"226":{"start":{"line":622,"column":25},"end":{"line":622,"column":62}},"227":{"start":{"line":623,"column":4},"end":{"line":623,"column":68}},"228":{"start":{"line":628,"column":0},"end":{"line":634,"column":1}},"229":{"start":{"line":629,"column":2},"end":{"line":633,"column":5}},"230":{"start":{"line":630,"column":4},"end":{"line":630,"column":78}},"231":{"start":{"line":631,"column":4},"end":{"line":631,"column":116}},"232":{"start":{"line":632,"column":4},"end":{"line":632,"column":49}},"233":{"start":{"line":636,"column":0},"end":{"line":636,"column":21}}},"fnMap":{"0":{"name":"callGemini","decl":{"start":{"line":57,"column":15},"end":{"line":57,"column":25}},"loc":{"start":{"line":57,"column":53},"end":{"line":95,"column":1}},"line":57},"1":{"name":"(anonymous_1)","decl":{"start":{"line":105,"column":5},"end":{"line":105,"column":6}},"loc":{"start":{"line":105,"column":17},"end":{"line":127,"column":5}},"line":105},"2":{"name":"sanitise","decl":{"start":{"line":167,"column":9},"end":{"line":167,"column":17}},"loc":{"start":{"line":167,"column":38},"end":{"line":171,"column":1}},"line":167},"3":{"name":"requireString","decl":{"start":{"line":177,"column":9},"end":{"line":177,"column":22}},"loc":{"start":{"line":177,"column":41},"end":{"line":182,"column":1}},"line":177},"4":{"name":"(anonymous_4)","decl":{"start":{"line":195,"column":2},"end":{"line":195,"column":3}},"loc":{"start":{"line":195,"column":29},"end":{"line":228,"column":3}},"line":195},"5":{"name":"(anonymous_5)","decl":{"start":{"line":235,"column":2},"end":{"line":235,"column":3}},"loc":{"start":{"line":235,"column":21},"end":{"line":348,"column":3}},"line":235},"6":{"name":"(anonymous_6)","decl":{"start":{"line":355,"column":2},"end":{"line":355,"column":3}},"loc":{"start":{"line":355,"column":24},"end":{"line":395,"column":3}},"line":355},"7":{"name":"(anonymous_7)","decl":{"start":{"line":362,"column":49},"end":{"line":362,"column":50}},"loc":{"start":{"line":362,"column":72},"end":{"line":391,"column":5}},"line":362},"8":{"name":"(anonymous_8)","decl":{"start":{"line":365,"column":37},"end":{"line":365,"column":38}},"loc":{"start":{"line":365,"column":43},"end":{"line":365,"column":61}},"line":365},"9":{"name":"(anonymous_9)","decl":{"start":{"line":408,"column":27},"end":{"line":408,"column":28}},"loc":{"start":{"line":408,"column":47},"end":{"line":474,"column":1}},"line":408},"10":{"name":"(anonymous_10)","decl":{"start":{"line":479,"column":23},"end":{"line":479,"column":24}},"loc":{"start":{"line":479,"column":38},"end":{"line":486,"column":1}},"line":479},"11":{"name":"(anonymous_11)","decl":{"start":{"line":493,"column":22},"end":{"line":493,"column":23}},"loc":{"start":{"line":493,"column":42},"end":{"line":527,"column":1}},"line":493},"12":{"name":"(anonymous_12)","decl":{"start":{"line":534,"column":37},"end":{"line":534,"column":38}},"loc":{"start":{"line":534,"column":57},"end":{"line":581,"column":1}},"line":534},"13":{"name":"(anonymous_13)","decl":{"start":{"line":588,"column":38},"end":{"line":588,"column":39}},"loc":{"start":{"line":588,"column":58},"end":{"line":625,"column":1}},"line":588},"14":{"name":"(anonymous_14)","decl":{"start":{"line":629,"column":19},"end":{"line":629,"column":20}},"loc":{"start":{"line":629,"column":25},"end":{"line":633,"column":3}},"line":629}},"branchMap":{"0":{"loc":{"start":{"line":31,"column":24},"end":{"line":31,"column":56}},"type":"binary-expr","locations":[{"start":{"line":31,"column":24},"end":{"line":31,"column":50}},{"start":{"line":31,"column":54},"end":{"line":31,"column":56}}],"line":31},"1":{"loc":{"start":{"line":58,"column":2},"end":{"line":58,"column":60}},"type":"if","locations":[{"start":{"line":58,"column":2},"end":{"line":58,"column":60}},{"start":{},"end":{}}],"line":58},"2":{"loc":{"start":{"line":61,"column":2},"end":{"line":63,"column":3}},"type":"if","locations":[{"start":{"line":61,"column":2},"end":{"line":63,"column":3}},{"start":{},"end":{}}],"line":61},"3":{"loc":{"start":{"line":82,"column":6},"end":{"line":86,"column":7}},"type":"if","locations":[{"start":{"line":82,"column":6},"end":{"line":86,"column":7}},{"start":{},"end":{}}],"line":82},"4":{"loc":{"start":{"line":94,"column":8},"end":{"line":94,"column":66}},"type":"binary-expr","locations":[{"start":{"line":94,"column":8},"end":{"line":94,"column":15}},{"start":{"line":94,"column":19},"end":{"line":94,"column":66}}],"line":94},"5":{"loc":{"start":{"line":98,"column":0},"end":{"line":134,"column":1}},"type":"if","locations":[{"start":{"line":98,"column":0},"end":{"line":134,"column":1}},{"start":{"line":132,"column":7},"end":{"line":134,"column":1}}],"line":98},"6":{"loc":{"start":{"line":108,"column":8},"end":{"line":111,"column":9}},"type":"if","locations":[{"start":{"line":108,"column":8},"end":{"line":111,"column":9}},{"start":{},"end":{}}],"line":108},"7":{"loc":{"start":{"line":115,"column":25},"end":{"line":115,"column":42}},"type":"binary-expr","locations":[{"start":{"line":115,"column":25},"end":{"line":115,"column":36}},{"start":{"line":115,"column":40},"end":{"line":115,"column":42}}],"line":115},"8":{"loc":{"start":{"line":116,"column":10},"end":{"line":122,"column":11}},"type":"if","locations":[{"start":{"line":116,"column":10},"end":{"line":122,"column":11}},{"start":{"line":118,"column":17},"end":{"line":122,"column":11}}],"line":116},"9":{"loc":{"start":{"line":118,"column":17},"end":{"line":122,"column":11}},"type":"if","locations":[{"start":{"line":118,"column":17},"end":{"line":122,"column":11}},{"start":{"line":120,"column":17},"end":{"line":122,"column":11}}],"line":118},"10":{"loc":{"start":{"line":118,"column":21},"end":{"line":118,"column":81}},"type":"binary-expr","locations":[{"start":{"line":118,"column":21},"end":{"line":118,"column":43}},{"start":{"line":118,"column":47},"end":{"line":118,"column":81}}],"line":118},"11":{"loc":{"start":{"line":120,"column":17},"end":{"line":122,"column":11}},"type":"if","locations":[{"start":{"line":120,"column":17},"end":{"line":122,"column":11}},{"start":{},"end":{}}],"line":120},"12":{"loc":{"start":{"line":120,"column":21},"end":{"line":120,"column":84}},"type":"binary-expr","locations":[{"start":{"line":120,"column":21},"end":{"line":120,"column":43}},{"start":{"line":120,"column":47},"end":{"line":120,"column":84}}],"line":120},"13":{"loc":{"start":{"line":138,"column":13},"end":{"line":138,"column":51}},"type":"binary-expr","locations":[{"start":{"line":138,"column":13},"end":{"line":138,"column":43}},{"start":{"line":138,"column":47},"end":{"line":138,"column":51}}],"line":138},"14":{"loc":{"start":{"line":139,"column":24},"end":{"line":139,"column":78}},"type":"binary-expr","locations":[{"start":{"line":139,"column":24},"end":{"line":139,"column":51}},{"start":{"line":139,"column":55},"end":{"line":139,"column":78}}],"line":139},"15":{"loc":{"start":{"line":167,"column":23},"end":{"line":167,"column":36}},"type":"default-arg","locations":[{"start":{"line":167,"column":32},"end":{"line":167,"column":36}}],"line":167},"16":{"loc":{"start":{"line":168,"column":2},"end":{"line":168,"column":41}},"type":"if","locations":[{"start":{"line":168,"column":2},"end":{"line":168,"column":41}},{"start":{},"end":{}}],"line":168},"17":{"loc":{"start":{"line":178,"column":2},"end":{"line":180,"column":3}},"type":"if","locations":[{"start":{"line":178,"column":2},"end":{"line":180,"column":3}},{"start":{},"end":{}}],"line":178},"18":{"loc":{"start":{"line":178,"column":6},"end":{"line":178,"column":70}},"type":"binary-expr","locations":[{"start":{"line":178,"column":6},"end":{"line":178,"column":12}},{"start":{"line":178,"column":16},"end":{"line":178,"column":41}},{"start":{"line":178,"column":45},"end":{"line":178,"column":70}}],"line":178},"19":{"loc":{"start":{"line":195,"column":16},"end":{"line":195,"column":27}},"type":"default-arg","locations":[{"start":{"line":195,"column":23},"end":{"line":195,"column":27}}],"line":195},"20":{"loc":{"start":{"line":217,"column":4},"end":{"line":217,"column":71}},"type":"if","locations":[{"start":{"line":217,"column":4},"end":{"line":217,"column":71}},{"start":{},"end":{}}],"line":217},"21":{"loc":{"start":{"line":218,"column":4},"end":{"line":218,"column":96}},"type":"if","locations":[{"start":{"line":218,"column":4},"end":{"line":218,"column":96}},{"start":{},"end":{}}],"line":218},"22":{"loc":{"start":{"line":219,"column":4},"end":{"line":219,"column":67}},"type":"if","locations":[{"start":{"line":219,"column":4},"end":{"line":219,"column":67}},{"start":{},"end":{}}],"line":219},"23":{"loc":{"start":{"line":220,"column":4},"end":{"line":220,"column":97}},"type":"if","locations":[{"start":{"line":220,"column":4},"end":{"line":220,"column":97}},{"start":{},"end":{}}],"line":220},"24":{"loc":{"start":{"line":221,"column":4},"end":{"line":221,"column":103}},"type":"if","locations":[{"start":{"line":221,"column":4},"end":{"line":221,"column":103}},{"start":{},"end":{}}],"line":221},"25":{"loc":{"start":{"line":222,"column":4},"end":{"line":222,"column":101}},"type":"if","locations":[{"start":{"line":222,"column":4},"end":{"line":222,"column":101}},{"start":{},"end":{}}],"line":222},"26":{"loc":{"start":{"line":223,"column":4},"end":{"line":223,"column":94}},"type":"if","locations":[{"start":{"line":223,"column":4},"end":{"line":223,"column":94}},{"start":{},"end":{}}],"line":223},"27":{"loc":{"start":{"line":224,"column":4},"end":{"line":224,"column":84}},"type":"if","locations":[{"start":{"line":224,"column":4},"end":{"line":224,"column":84}},{"start":{},"end":{}}],"line":224},"28":{"loc":{"start":{"line":244,"column":4},"end":{"line":336,"column":5}},"type":"if","locations":[{"start":{"line":244,"column":4},"end":{"line":336,"column":5}},{"start":{"line":264,"column":11},"end":{"line":336,"column":5}}],"line":244},"29":{"loc":{"start":{"line":264,"column":11},"end":{"line":336,"column":5}},"type":"if","locations":[{"start":{"line":264,"column":11},"end":{"line":336,"column":5}},{"start":{"line":282,"column":11},"end":{"line":336,"column":5}}],"line":264},"30":{"loc":{"start":{"line":282,"column":11},"end":{"line":336,"column":5}},"type":"if","locations":[{"start":{"line":282,"column":11},"end":{"line":336,"column":5}},{"start":{"line":300,"column":11},"end":{"line":336,"column":5}}],"line":282},"31":{"loc":{"start":{"line":300,"column":11},"end":{"line":336,"column":5}},"type":"if","locations":[{"start":{"line":300,"column":11},"end":{"line":336,"column":5}},{"start":{"line":319,"column":11},"end":{"line":336,"column":5}}],"line":300},"32":{"loc":{"start":{"line":370,"column":8},"end":{"line":376,"column":9}},"type":"if","locations":[{"start":{"line":370,"column":8},"end":{"line":376,"column":9}},{"start":{},"end":{}}],"line":370},"33":{"loc":{"start":{"line":372,"column":10},"end":{"line":375,"column":11}},"type":"if","locations":[{"start":{"line":372,"column":10},"end":{"line":375,"column":11}},{"start":{},"end":{}}],"line":372},"34":{"loc":{"start":{"line":372,"column":14},"end":{"line":372,"column":67}},"type":"binary-expr","locations":[{"start":{"line":372,"column":14},"end":{"line":372,"column":31}},{"start":{"line":372,"column":35},"end":{"line":372,"column":67}}],"line":372},"35":{"loc":{"start":{"line":382,"column":6},"end":{"line":390,"column":7}},"type":"if","locations":[{"start":{"line":382,"column":6},"end":{"line":390,"column":7}},{"start":{"line":384,"column":13},"end":{"line":390,"column":7}}],"line":382},"36":{"loc":{"start":{"line":384,"column":13},"end":{"line":390,"column":7}},"type":"if","locations":[{"start":{"line":384,"column":13},"end":{"line":390,"column":7}},{"start":{"line":386,"column":13},"end":{"line":390,"column":7}}],"line":384},"37":{"loc":{"start":{"line":386,"column":13},"end":{"line":390,"column":7}},"type":"if","locations":[{"start":{"line":386,"column":13},"end":{"line":390,"column":7}},{"start":{"line":388,"column":13},"end":{"line":390,"column":7}}],"line":386},"38":{"loc":{"start":{"line":388,"column":13},"end":{"line":390,"column":7}},"type":"if","locations":[{"start":{"line":388,"column":13},"end":{"line":390,"column":7}},{"start":{},"end":{}}],"line":388},"39":{"loc":{"start":{"line":410,"column":25},"end":{"line":410,"column":45}},"type":"binary-expr","locations":[{"start":{"line":410,"column":25},"end":{"line":410,"column":39}},{"start":{"line":410,"column":43},"end":{"line":410,"column":45}}],"line":410},"40":{"loc":{"start":{"line":412,"column":4},"end":{"line":443,"column":5}},"type":"if","locations":[{"start":{"line":412,"column":4},"end":{"line":443,"column":5}},{"start":{},"end":{}}],"line":412},"41":{"loc":{"start":{"line":448,"column":6},"end":{"line":448,"column":117}},"type":"cond-expr","locations":[{"start":{"line":448,"column":18},"end":{"line":448,"column":61}},{"start":{"line":448,"column":64},"end":{"line":448,"column":117}}],"line":448},"42":{"loc":{"start":{"line":455,"column":22},"end":{"line":457,"column":77}},"type":"cond-expr","locations":[{"start":{"line":456,"column":10},"end":{"line":456,"column":63}},{"start":{"line":457,"column":10},"end":{"line":457,"column":77}}],"line":455},"43":{"loc":{"start":{"line":458,"column":18},"end":{"line":458,"column":53}},"type":"cond-expr","locations":[{"start":{"line":458,"column":30},"end":{"line":458,"column":42}},{"start":{"line":458,"column":45},"end":{"line":458,"column":53}}],"line":458},"44":{"loc":{"start":{"line":483,"column":10},"end":{"line":483,"column":46}},"type":"cond-expr","locations":[{"start":{"line":483,"column":24},"end":{"line":483,"column":32}},{"start":{"line":483,"column":35},"end":{"line":483,"column":46}}],"line":483},"45":{"loc":{"start":{"line":496,"column":30},"end":{"line":496,"column":55}},"type":"binary-expr","locations":[{"start":{"line":496,"column":30},"end":{"line":496,"column":47}},{"start":{"line":496,"column":51},"end":{"line":496,"column":55}}],"line":496},"46":{"loc":{"start":{"line":499,"column":4},"end":{"line":499,"column":57}},"type":"if","locations":[{"start":{"line":499,"column":4},"end":{"line":499,"column":57}},{"start":{},"end":{}}],"line":499},"47":{"loc":{"start":{"line":501,"column":4},"end":{"line":516,"column":5}},"type":"if","locations":[{"start":{"line":501,"column":4},"end":{"line":516,"column":5}},{"start":{},"end":{}}],"line":501},"48":{"loc":{"start":{"line":524,"column":33},"end":{"line":524,"column":46}},"type":"binary-expr","locations":[{"start":{"line":524,"column":33},"end":{"line":524,"column":40}},{"start":{"line":524,"column":44},"end":{"line":524,"column":46}}],"line":524},"49":{"loc":{"start":{"line":539,"column":4},"end":{"line":539,"column":57}},"type":"if","locations":[{"start":{"line":539,"column":4},"end":{"line":539,"column":57}},{"start":{},"end":{}}],"line":539},"50":{"loc":{"start":{"line":541,"column":4},"end":{"line":571,"column":5}},"type":"if","locations":[{"start":{"line":541,"column":4},"end":{"line":571,"column":5}},{"start":{},"end":{}}],"line":541},"51":{"loc":{"start":{"line":578,"column":36},"end":{"line":578,"column":50}},"type":"binary-expr","locations":[{"start":{"line":578,"column":36},"end":{"line":578,"column":44}},{"start":{"line":578,"column":48},"end":{"line":578,"column":50}}],"line":578},"52":{"loc":{"start":{"line":593,"column":4},"end":{"line":593,"column":57}},"type":"if","locations":[{"start":{"line":593,"column":4},"end":{"line":593,"column":57}},{"start":{},"end":{}}],"line":593},"53":{"loc":{"start":{"line":595,"column":4},"end":{"line":615,"column":5}},"type":"if","locations":[{"start":{"line":595,"column":4},"end":{"line":615,"column":5}},{"start":{},"end":{}}],"line":595},"54":{"loc":{"start":{"line":622,"column":51},"end":{"line":622,"column":61}},"type":"binary-expr","locations":[{"start":{"line":622,"column":51},"end":{"line":622,"column":55}},{"start":{"line":622,"column":59},"end":{"line":622,"column":61}}],"line":622},"55":{"loc":{"start":{"line":628,"column":0},"end":{"line":634,"column":1}},"type":"if","locations":[{"start":{"line":628,"column":0},"end":{"line":634,"column":1}},{"start":{},"end":{}}],"line":628},"56":{"loc":{"start":{"line":628,"column":4},"end":{"line":628,"column":58}},"type":"binary-expr","locations":[{"start":{"line":628,"column":4},"end":{"line":628,"column":23}},{"start":{"line":628,"column":27},"end":{"line":628,"column":58}}],"line":628},"57":{"loc":{"start":{"line":631,"column":28},"end":{"line":631,"column":112}},"type":"cond-expr","locations":[{"start":{"line":631,"column":42},"end":{"line":631,"column":56}},{"start":{"line":631,"column":59},"end":{"line":631,"column":112}}],"line":631}},"s":{"0":1,"1":1,"2":1,"3":1,"4":1,"5":1,"6":1,"7":1,"8":1,"9":1,"10":1,"11":1,"12":0,"13":1,"14":1,"15":0,"16":1,"17":1,"18":1,"19":1,"20":3,"21":3,"22":0,"23":0,"24":0,"25":0,"26":3,"27":3,"28":1,"29":1,"30":1,"31":1,"32":1,"33":1,"34":1,"35":1,"36":1,"37":0,"38":0,"39":0,"40":1,"41":1,"42":1,"43":1,"44":0,"45":1,"46":0,"47":1,"48":1,"49":1,"50":1,"51":0,"52":0,"53":0,"54":1,"55":1,"56":1,"57":1,"58":1,"59":1,"60":1,"61":1,"62":1,"63":6,"64":1,"65":5,"66":4,"67":1,"68":3,"69":1,"70":1,"71":1,"72":1,"73":0,"74":1,"75":0,"76":1,"77":0,"78":1,"79":0,"80":1,"81":0,"82":1,"83":0,"84":1,"85":0,"86":1,"87":0,"88":1,"89":1,"90":1,"91":1,"92":1,"93":1,"94":1,"95":1,"96":0,"97":0,"98":0,"99":0,"100":0,"101":1,"102":1,"103":1,"104":1,"105":1,"106":1,"107":0,"108":0,"109":0,"110":0,"111":0,"112":0,"113":0,"114":0,"115":0,"116":0,"117":0,"118":0,"119":0,"120":0,"121":0,"122":1,"123":1,"124":1,"125":1,"126":4,"127":4,"128":4,"129":0,"130":4,"131":4,"132":4,"133":4,"134":4,"135":4,"136":4,"137":0,"138":0,"139":0,"140":0,"141":0,"142":0,"143":0,"144":0,"145":0,"146":1,"147":1,"148":1,"149":0,"150":0,"151":0,"152":0,"153":0,"154":0,"155":0,"156":0,"157":0,"158":0,"159":0,"160":0,"161":0,"162":0,"163":0,"164":0,"165":0,"166":1,"167":1,"168":1,"169":2,"170":2,"171":2,"172":2,"173":2,"174":1,"175":1,"176":0,"177":0,"178":0,"179":0,"180":0,"181":1,"182":1,"183":0,"184":0,"185":0,"186":1,"187":1,"188":1,"189":1,"190":1,"191":0,"192":1,"193":0,"194":0,"195":0,"196":0,"197":0,"198":0,"199":0,"200":0,"201":0,"202":1,"203":1,"204":0,"205":0,"206":0,"207":1,"208":1,"209":1,"210":1,"211":1,"212":0,"213":1,"214":0,"215":0,"216":0,"217":0,"218":0,"219":0,"220":0,"221":0,"222":0,"223":1,"224":1,"225":0,"226":0,"227":0,"228":1,"229":0,"230":0,"231":0,"232":0,"233":1},"f":{"0":1,"1":1,"2":6,"3":4,"4":1,"5":1,"6":1,"7":4,"8":0,"9":0,"10":1,"11":2,"12":1,"13":1,"14":0},"b":{"0":[1,0],"1":[0,1],"2":[0,1],"3":[0,0],"4":[1,0],"5":[1,0],"6":[0,0],"7":[1,0],"8":[0,1],"9":[0,1],"10":[1,1],"11":[1,0],"12":[1,0],"13":[1,0],"14":[1,0],"15":[0],"16":[1,5],"17":[1,3],"18":[4,3,3],"19":[0],"20":[0,1],"21":[0,1],"22":[0,1],"23":[0,1],"24":[0,1],"25":[0,1],"26":[0,1],"27":[0,1],"28":[0,1],"29":[1,0],"30":[0,0],"31":[0,0],"32":[4,0],"33":[4,0],"34":[4,4],"35":[0,0],"36":[0,0],"37":[0,0],"38":[0,0],"39":[0,0],"40":[0,0],"41":[0,0],"42":[0,0],"43":[0,0],"44":[0,1],"45":[2,2],"46":[1,1],"47":[0,1],"48":[0,0],"49":[0,1],"50":[0,1],"51":[0,0],"52":[0,1],"53":[0,1],"54":[0,0],"55":[0,1],"56":[1,1],"57":[0,0]},"_coverageSchema":"1a1c01bbd47fc00a2c39e90264f33305004495a9","hash":"1edc191f91645e816d48c7837f4b17c704b6d38a"}
}
