TN:
SF:server.js
FN:57,callGemini
FN:105,(anonymous_1)
FN:167,sanitise
FN:177,requireString
FN:195,(anonymous_4)
FN:235,(anonymous_5)
FN:355,(anonymous_6)
FN:362,(anonymous_7)
FN:365,(anonymous_8)
FN:408,(anonymous_9)
FN:479,(anonymous_10)
FN:493,(anonymous_11)
FN:534,(anonymous_12)
FN:588,(anonymous_13)
FN:629,(anonymous_14)
FNF:15
FNH:12
FNDA:1,callGemini
FNDA:1,(anonymous_1)
FNDA:6,sanitise
FNDA:4,requireString
FNDA:1,(anonymous_4)
FNDA:1,(anonymous_5)
FNDA:1,(anonymous_6)
FNDA:4,(anonymous_7)
FNDA:0,(anonymous_8)
FNDA:0,(anonymous_9)
FNDA:1,(anonymous_10)
FNDA:2,(anonymous_11)
FNDA:1,(anonymous_12)
FNDA:1,(anonymous_13)
FNDA:0,(anonymous_14)
DA:14,1
DA:16,1
DA:17,1
DA:18,1
DA:19,1
DA:20,1
DA:31,1
DA:33,1
DA:40,1
DA:43,1
DA:46,1
DA:58,1
DA:60,1
DA:61,1
DA:62,0
DA:66,1
DA:67,1
DA:72,1
DA:73,1
DA:74,3
DA:75,3
DA:81,0
DA:82,0
DA:84,0
DA:85,0
DA:88,3
DA:90,3
DA:94,1
DA:98,1
DA:99,1
DA:101,1
DA:102,1
DA:103,1
DA:105,1
DA:106,1
DA:107,1
DA:108,0
DA:109,0
DA:110,0
DA:113,1
DA:114,1
DA:115,1
DA:116,1
DA:117,0
DA:118,1
DA:119,0
DA:120,1
DA:121,1
DA:124,1
DA:125,1
DA:129,0
DA:130,0
DA:133,0
DA:137,1
DA:138,1
DA:139,1
DA:142,1
DA:143,1
DA:144,1
DA:145,1
DA:148,1
DA:155,1
DA:168,6
DA:170,5
DA:178,4
DA:179,1
DA:181,3
DA:188,1
DA:196,1
DA:198,1
DA:217,1
DA:218,1
DA:219,1
DA:220,1
DA:221,1
DA:222,1
DA:223,1
DA:224,1
DA:227,1
DA:236,1
DA:238,1
DA:239,1
DA:240,1
DA:241,1
DA:242,1
DA:244,1
DA:245,0
DA:246,0
DA:252,0
DA:257,0
DA:263,0
DA:264,1
DA:265,1
DA:266,1
DA:272,1
DA:276,1
DA:281,1
DA:282,0
DA:283,0
DA:284,0
DA:290,0
DA:294,0
DA:299,0
DA:300,0
DA:301,0
DA:302,0
DA:308,0
DA:313,0
DA:318,0
DA:321,0
DA:327,0
DA:331,0
DA:338,1
DA:359,1
DA:360,1
DA:362,1
DA:363,4
DA:364,4
DA:365,4
DA:366,4
DA:369,4
DA:370,4
DA:371,4
DA:372,4
DA:373,4
DA:374,4
DA:378,0
DA:382,0
DA:383,0
DA:384,0
DA:385,0
DA:386,0
DA:387,0
DA:388,0
DA:389,0
DA:393,1
DA:394,1
DA:408,1
DA:409,0
DA:410,0
DA:412,0
DA:413,0
DA:414,0
DA:424,0
DA:425,0
DA:427,0
DA:428,0
DA:429,0
DA:431,0
DA:441,0
DA:446,0
DA:447,0
DA:453,0
DA:464,0
DA:465,0
DA:479,1
DA:480,1
DA:493,1
DA:494,2
DA:495,2
DA:496,2
DA:498,2
DA:499,2
DA:501,1
DA:502,0
DA:503,0
DA:511,0
DA:512,0
DA:514,0
DA:519,1
DA:520,1
DA:522,0
DA:524,0
DA:525,0
DA:534,1
DA:535,1
DA:536,1
DA:538,1
DA:539,1
DA:541,1
DA:542,0
DA:543,0
DA:556,0
DA:557,0
DA:559,0
DA:560,0
DA:561,0
DA:563,0
DA:569,0
DA:574,1
DA:575,1
DA:577,0
DA:578,0
DA:579,0
DA:588,1
DA:589,1
DA:590,1
DA:592,1
DA:593,1
DA:595,1
DA:596,0
DA:597,0
DA:603,0
DA:604,0
DA:606,0
DA:607,0
DA:608,0
DA:610,0
DA:613,0
DA:618,1
DA:619,1
DA:621,0
DA:622,0
DA:623,0
DA:628,1
DA:629,0
DA:630,0
DA:631,0
DA:632,0
DA:636,1
LF:220
LH:125
BRDA:31,0,0,1
BRDA:31,0,1,0
BRDA:58,1,0,0
BRDA:58,1,1,1
BRDA:61,2,0,0
BRDA:61,2,1,1
BRDA:82,3,0,0
BRDA:82,3,1,0
BRDA:94,4,0,1
BRDA:94,4,1,0
BRDA:98,5,0,1
BRDA:98,5,1,0
BRDA:108,6,0,0
BRDA:108,6,1,0
BRDA:115,7,0,1
BRDA:115,7,1,0
BRDA:116,8,0,0
BRDA:116,8,1,1
BRDA:118,9,0,0
BRDA:118,9,1,1
BRDA:118,10,0,1
BRDA:118,10,1,1
BRDA:120,11,0,1
BRDA:120,11,1,0
BRDA:120,12,0,1
BRDA:120,12,1,0
BRDA:138,13,0,1
BRDA:138,13,1,0
BRDA:139,14,0,1
BRDA:139,14,1,0
BRDA:167,15,0,0
BRDA:168,16,0,1
BRDA:168,16,1,5
BRDA:178,17,0,1
BRDA:178,17,1,3
BRDA:178,18,0,4
BRDA:178,18,1,3
BRDA:178,18,2,3
BRDA:195,19,0,0
BRDA:217,20,0,0
BRDA:217,20,1,1
BRDA:218,21,0,0
BRDA:218,21,1,1
BRDA:219,22,0,0
BRDA:219,22,1,1
BRDA:220,23,0,0
BRDA:220,23,1,1
BRDA:221,24,0,0
BRDA:221,24,1,1
BRDA:222,25,0,0
BRDA:222,25,1,1
BRDA:223,26,0,0
BRDA:223,26,1,1
BRDA:224,27,0,0
BRDA:224,27,1,1
BRDA:244,28,0,0
BRDA:244,28,1,1
BRDA:264,29,0,1
BRDA:264,29,1,0
BRDA:282,30,0,0
BRDA:282,30,1,0
BRDA:300,31,0,0
BRDA:300,31,1,0
BRDA:370,32,0,4
BRDA:370,32,1,0
BRDA:372,33,0,4
BRDA:372,33,1,0
BRDA:372,34,0,4
BRDA:372,34,1,4
BRDA:382,35,0,0
BRDA:382,35,1,0
BRDA:384,36,0,0
BRDA:384,36,1,0
BRDA:386,37,0,0
BRDA:386,37,1,0
BRDA:388,38,0,0
BRDA:388,38,1,0
BRDA:410,39,0,0
BRDA:410,39,1,0
BRDA:412,40,0,0
BRDA:412,40,1,0
BRDA:448,41,0,0
BRDA:448,41,1,0
BRDA:455,42,0,0
BRDA:455,42,1,0
BRDA:458,43,0,0
BRDA:458,43,1,0
BRDA:483,44,0,0
BRDA:483,44,1,1
BRDA:496,45,0,2
BRDA:496,45,1,2
BRDA:499,46,0,1
BRDA:499,46,1,1
BRDA:501,47,0,0
BRDA:501,47,1,1
BRDA:524,48,0,0
BRDA:524,48,1,0
BRDA:539,49,0,0
BRDA:539,49,1,1
BRDA:541,50,0,0
BRDA:541,50,1,1
BRDA:578,51,0,0
BRDA:578,51,1,0
BRDA:593,52,0,0
BRDA:593,52,1,1
BRDA:595,53,0,0
BRDA:595,53,1,1
BRDA:622,54,0,0
BRDA:622,54,1,0
BRDA:628,55,0,0
BRDA:628,55,1,1
BRDA:628,56,0,1
BRDA:628,56,1,1
BRDA:631,57,0,0
BRDA:631,57,1,0
BRF:115
BRH:48
end_of_record
